2023-11-06 11:05:08.181 [info] Log level: Info
2023-11-06 11:05:08.181 [info] Validating found git in: "git"
2023-11-06 11:05:08.181 [info] Using git "2.42.1" from "git"
2023-11-06 11:05:08.181 [info] > git rev-parse --show-toplevel [2ms]
2023-11-06 11:05:08.181 [info] fatal: not a git repository (or any of the parent directories): .git
2023-11-06 11:05:08.181 [info] > git rev-parse --show-toplevel [2ms]
2023-11-06 11:05:08.181 [info] fatal: not a git repository (or any of the parent directories): .git
2023-11-06 11:05:08.181 [info] > git rev-parse --show-toplevel [2ms]
2023-11-06 11:05:08.181 [info] fatal: not a git repository (or any of the parent directories): .git
2023-11-06 11:05:08.200 [info] > git rev-parse --show-toplevel [2ms]
2023-11-06 11:05:08.200 [info] fatal: not a git repository (or any of the parent directories): .git
2023-11-06 11:05:08.207 [info] > git rev-parse --show-toplevel [1ms]
2023-11-06 11:05:08.207 [info] fatal: not a git repository (or any of the parent directories): .git
2023-11-06 11:05:08.213 [info] > git rev-parse --show-toplevel [1ms]
2023-11-06 11:05:08.213 [info] fatal: not a git repository (or any of the parent directories): .git
2023-11-06 11:05:08.218 [info] > git rev-parse --show-toplevel [1ms]
2023-11-06 11:05:08.218 [info] fatal: not a git repository (or any of the parent directories): .git
2023-11-06 11:05:08.223 [info] > git rev-parse --show-toplevel [1ms]
2023-11-06 11:05:08.223 [info] fatal: not a git repository (or any of the parent directories): .git
2023-11-06 11:05:08.228 [info] > git rev-parse --show-toplevel [1ms]
2023-11-06 11:05:08.228 [info] fatal: not a git repository (or any of the parent directories): .git
2023-11-06 11:05:08.330 [info] > git rev-parse --show-toplevel [1ms]
2023-11-06 11:05:08.330 [info] fatal: not a git repository (or any of the parent directories): .git
2023-11-06 11:14:43.570 [info] > git rev-parse --show-toplevel [1ms]
2023-11-06 11:14:43.570 [info] fatal: not a git repository (or any of the parent directories): .git
