2023-11-07 20:35:54.634 [info] Extension host with pid 1013 started
2023-11-07 20:35:54.634 [info] Skipping acquiring lock for /home/bocchi/.config/Code - OSS/User/workspaceStorage/390f2c33e7a0557a7b0b683f13cb25ee.
2023-11-07 20:35:54.707 [info] ExtensionService#_doActivateExtension vscode.emmet, startup: false, activationEvent: 'onLanguage'
2023-11-07 20:35:54.740 [info] ExtensionService#_doActivateExtension vscode.git-base, startup: true, activationEvent: '*', root cause: vscode.git
2023-11-07 20:35:54.743 [info] ExtensionService#_doActivateExtension vscode.git, startup: true, activationEvent: '*'
2023-11-07 20:35:54.800 [info] ExtensionService#_doActivateExtension vscode.github, startup: true, activationEvent: '*'
2023-11-07 20:35:54.863 [info] Eager extensions activated
2023-11-07 20:35:54.904 [info] ExtensionService#_doActivateExtension vscode.debug-auto-launch, startup: false, activationEvent: 'onStartupFinished'
2023-11-07 20:35:54.906 [info] ExtensionService#_doActivateExtension vscode.merge-conflict, startup: false, activationEvent: 'onStartupFinished'
2023-11-07 20:35:54.924 [info] ExtensionService#_doActivateExtension unthrottled.doki-theme, startup: false, activationEvent: 'onStartupFinished'
2023-11-07 20:35:55.040 [warning] [Decorations] CAPPING events from decorations provider vscode.git 2274
2023-11-07 20:35:55.069 [info] ExtensionService#_doActivateExtension vscode.github-authentication, startup: false, activationEvent: 'onAuthenticationRequest:github'
2023-11-07 20:35:55.136 [warning] [Decorations] CAPPING events from decorations provider vscode.git 2274
2023-11-07 20:35:57.544 [warning] [Decorations] CAPPING events from decorations provider vscode.git 2275
2023-11-07 20:36:29.274 [warning] [Decorations] CAPPING events from decorations provider vscode.git 2307
2023-11-07 20:36:34.325 [warning] [Decorations] CAPPING events from decorations provider vscode.git 2307
2023-11-07 20:36:39.379 [warning] [Decorations] CAPPING events from decorations provider vscode.git 2321
2023-11-07 20:36:54.256 [info] ExtensionService#_doActivateExtension vscode.json-language-features, startup: false, activationEvent: 'onLanguage:jsonc'
2023-11-07 20:36:54.301 [info] ExtensionService#_doActivateExtension vscode.typescript-language-features, startup: false, activationEvent: 'onLanguage:jsonc'
2023-11-07 20:36:55.548 [warning] [Decorations] CAPPING events from decorations provider vscode.git 2380
2023-11-07 20:37:00.598 [warning] [Decorations] CAPPING events from decorations provider vscode.git 2380
2023-11-07 20:37:05.174 [info] ExtensionService#_doActivateExtension vscode.media-preview, startup: false, activationEvent: 'onCustomEditor:imagePreview.previewEditor'
2023-11-07 20:37:05.655 [warning] [Decorations] CAPPING events from decorations provider vscode.git 2383
2023-11-07 20:37:10.709 [warning] [Decorations] CAPPING events from decorations provider vscode.git 2383
2023-11-07 20:37:15.764 [warning] [Decorations] CAPPING events from decorations provider vscode.git 2383
2023-11-07 20:37:20.818 [warning] [Decorations] CAPPING events from decorations provider vscode.git 2383
2023-11-07 20:37:25.874 [warning] [Decorations] CAPPING events from decorations provider vscode.git 2387
2023-11-07 20:37:30.928 [warning] [Decorations] CAPPING events from decorations provider vscode.git 2411
2023-11-07 20:37:35.983 [warning] [Decorations] CAPPING events from decorations provider vscode.git 2413
2023-11-07 20:37:41.119 [warning] [Decorations] CAPPING events from decorations provider vscode.git 2423
2023-11-07 20:37:52.059 [info] ExtensionService#_doActivateExtension equinusocio.vsc-material-theme-icons, startup: false, activationEvent: 'onStartupFinished'
2023-11-07 20:37:52.093 [info] ExtensionService#_doActivateExtension Equinusocio.vsc-material-theme, startup: false, activationEvent: 'onStartupFinished'
2023-11-07 20:37:55.547 [warning] [Decorations] CAPPING events from decorations provider vscode.git 2480
2023-11-07 20:38:00.602 [warning] [Decorations] CAPPING events from decorations provider vscode.git 2489
2023-11-07 20:38:05.655 [warning] [Decorations] CAPPING events from decorations provider vscode.git 2489
2023-11-07 20:38:10.707 [warning] [Decorations] CAPPING events from decorations provider vscode.git 2491
2023-11-07 20:38:15.762 [warning] [Decorations] CAPPING events from decorations provider vscode.git 2491
2023-11-07 20:38:20.812 [warning] [Decorations] CAPPING events from decorations provider vscode.git 2491
2023-11-07 20:38:25.868 [warning] [Decorations] CAPPING events from decorations provider vscode.git 2491
2023-11-07 20:38:30.921 [warning] [Decorations] CAPPING events from decorations provider vscode.git 2491
2023-11-07 20:38:35.975 [warning] [Decorations] CAPPING events from decorations provider vscode.git 2490
2023-11-07 20:38:52.807 [warning] [Decorations] CAPPING events from decorations provider vscode.git 2491
2023-11-07 20:38:58.537 [warning] [Decorations] CAPPING events from decorations provider vscode.git 2491
2023-11-07 20:39:03.602 [warning] [Decorations] CAPPING events from decorations provider vscode.git 2491
2023-11-07 20:39:29.007 [warning] [Decorations] CAPPING events from decorations provider vscode.git 2491
2023-11-07 20:39:34.558 [warning] [Decorations] CAPPING events from decorations provider vscode.git 2361
2023-11-07 20:39:45.245 [warning] [Decorations] CAPPING events from decorations provider vscode.git 2361
2023-11-07 20:39:50.357 [warning] [Decorations] CAPPING events from decorations provider vscode.git 2361
2023-11-07 20:39:55.461 [warning] [Decorations] CAPPING events from decorations provider vscode.git 2363
2023-11-07 20:40:00.572 [warning] [Decorations] CAPPING events from decorations provider vscode.git 2363
