2023-11-07 20:35:54.841 [info] Log level: Info
2023-11-07 20:35:54.841 [info] Validating found git in: "git"
2023-11-07 20:35:54.861 [info] Using git "2.42.1" from "git"
2023-11-07 20:35:54.874 [info] > git rev-parse --show-toplevel [2ms]
2023-11-07 20:35:54.880 [info] > git rev-parse --git-dir --git-common-dir [2ms]
2023-11-07 20:35:54.888 [info] Open repository: /home/bocchi/.config
2023-11-07 20:35:54.903 [info] > git rev-parse --show-toplevel [3ms]
2023-11-07 20:35:54.903 [info] > git config --get commit.template [7ms]
2023-11-07 20:35:54.974 [info] > git rev-parse --show-toplevel [26ms]
2023-11-07 20:35:54.983 [info] > git rev-parse --show-toplevel [4ms]
2023-11-07 20:35:54.983 [info] > git for-each-ref --format=%(refname)%00%(upstream:short)%00%(objectname)%00%(upstream:track)%00%(upstream:remotename)%00%(upstream:remoteref) refs/heads/main refs/remotes/main [10ms]
2023-11-07 20:35:54.993 [info] > git rev-parse --show-toplevel [0ms]
2023-11-07 20:35:54.998 [info] > git rev-parse --show-toplevel [1ms]
2023-11-07 20:35:55.003 [info] > git rev-parse --show-toplevel [1ms]
2023-11-07 20:35:55.007 [info] > git rev-parse --show-toplevel [0ms]
2023-11-07 20:35:55.013 [info] > git status -z -uall [25ms]
2023-11-07 20:35:55.052 [info] > git rev-parse --show-toplevel [40ms]
2023-11-07 20:35:55.057 [info] > git config --get commit.template [7ms]
2023-11-07 20:35:55.060 [info] > git rev-parse --show-toplevel [3ms]
2023-11-07 20:35:55.099 [info] > git rev-parse --show-toplevel [31ms]
2023-11-07 20:35:55.099 [info] > git for-each-ref --format=%(refname)%00%(upstream:short)%00%(objectname)%00%(upstream:track)%00%(upstream:remotename)%00%(upstream:remoteref) refs/heads/main refs/remotes/main [35ms]
2023-11-07 20:35:55.116 [info] > git status -z -uall [12ms]
2023-11-07 20:35:55.117 [info] > git rev-parse --show-toplevel [8ms]
2023-11-07 20:35:55.140 [info] > git rev-parse --show-toplevel [18ms]
2023-11-07 20:35:55.370 [info] > git show --textconv :qtile/config.py [7ms]
2023-11-07 20:35:55.371 [info] > git ls-files --stage -- /home/bocchi/.config/qtile/config.py [1ms]
2023-11-07 20:35:55.378 [info] > git cat-file -s 9378109754638741155744896dfd03a09408e855 [1ms]
2023-11-07 20:35:55.449 [info] > git check-ignore -v -z --stdin [1ms]
2023-11-07 20:35:57.510 [info] > git config --get commit.template [6ms]
2023-11-07 20:35:57.511 [info] > git for-each-ref --format=%(refname)%00%(upstream:short)%00%(objectname)%00%(upstream:track)%00%(upstream:remotename)%00%(upstream:remoteref) refs/heads/main refs/remotes/main [2ms]
2023-11-07 20:35:57.527 [info] > git status -z -uall [12ms]
2023-11-07 20:36:29.228 [info] > git config --get commit.template [6ms]
2023-11-07 20:36:29.233 [info] > git ls-files --stage -- /home/bocchi/.config/qtile/config.py [6ms]
2023-11-07 20:36:29.238 [info] > git for-each-ref --format=%(refname)%00%(upstream:short)%00%(objectname)%00%(upstream:track)%00%(upstream:remotename)%00%(upstream:remoteref) refs/heads/main refs/remotes/main [5ms]
2023-11-07 20:36:29.243 [info] > git cat-file -s 9378109754638741155744896dfd03a09408e855 [5ms]
2023-11-07 20:36:29.249 [info] > git show --textconv :qtile/config.py [1ms]
2023-11-07 20:36:29.254 [info] > git status -z -uall [11ms]
2023-11-07 20:36:34.290 [info] > git config --get commit.template [5ms]
2023-11-07 20:36:34.290 [info] > git for-each-ref --format=%(refname)%00%(upstream:short)%00%(objectname)%00%(upstream:track)%00%(upstream:remotename)%00%(upstream:remoteref) refs/heads/main refs/remotes/main [1ms]
2023-11-07 20:36:34.306 [info] > git status -z -uall [11ms]
2023-11-07 20:36:39.343 [info] > git config --get commit.template [6ms]
2023-11-07 20:36:39.343 [info] > git for-each-ref --format=%(refname)%00%(upstream:short)%00%(objectname)%00%(upstream:track)%00%(upstream:remotename)%00%(upstream:remoteref) refs/heads/main refs/remotes/main [1ms]
2023-11-07 20:36:39.360 [info] > git status -z -uall [12ms]
2023-11-07 20:36:55.513 [info] > git config --get commit.template [7ms]
2023-11-07 20:36:55.514 [info] > git for-each-ref --format=%(refname)%00%(upstream:short)%00%(objectname)%00%(upstream:track)%00%(upstream:remotename)%00%(upstream:remoteref) refs/heads/main refs/remotes/main [2ms]
2023-11-07 20:36:55.531 [info] > git status -z -uall [12ms]
2023-11-07 20:36:58.914 [info] > git check-ignore -v -z --stdin [1ms]
2023-11-07 20:37:00.529 [info] > git check-ignore -v -z --stdin [1ms]
2023-11-07 20:37:00.563 [info] > git config --get commit.template [6ms]
2023-11-07 20:37:00.564 [info] > git for-each-ref --format=%(refname)%00%(upstream:short)%00%(objectname)%00%(upstream:track)%00%(upstream:remotename)%00%(upstream:remoteref) refs/heads/main refs/remotes/main [1ms]
2023-11-07 20:37:00.580 [info] > git status -z -uall [11ms]
2023-11-07 20:37:01.320 [info] > git check-ignore -v -z --stdin [2ms]
2023-11-07 20:37:04.016 [info] > git check-ignore -v -z --stdin [1ms]
2023-11-07 20:37:05.620 [info] > git config --get commit.template [6ms]
2023-11-07 20:37:05.620 [info] > git for-each-ref --format=%(refname)%00%(upstream:short)%00%(objectname)%00%(upstream:track)%00%(upstream:remotename)%00%(upstream:remoteref) refs/heads/main refs/remotes/main [1ms]
2023-11-07 20:37:05.638 [info] > git status -z -uall [12ms]
2023-11-07 20:37:08.354 [info] > git show --textconv :qtile/config.py [6ms]
2023-11-07 20:37:08.355 [info] > git ls-files --stage -- /home/bocchi/.config/qtile/config.py [2ms]
2023-11-07 20:37:08.360 [info] > git cat-file -s 9378109754638741155744896dfd03a09408e855 [1ms]
2023-11-07 20:37:10.673 [info] > git config --get commit.template [6ms]
2023-11-07 20:37:10.673 [info] > git for-each-ref --format=%(refname)%00%(upstream:short)%00%(objectname)%00%(upstream:track)%00%(upstream:remotename)%00%(upstream:remoteref) refs/heads/main refs/remotes/main [1ms]
2023-11-07 20:37:10.690 [info] > git status -z -uall [12ms]
2023-11-07 20:37:15.728 [info] > git config --get commit.template [6ms]
2023-11-07 20:37:15.728 [info] > git for-each-ref --format=%(refname)%00%(upstream:short)%00%(objectname)%00%(upstream:track)%00%(upstream:remotename)%00%(upstream:remoteref) refs/heads/main refs/remotes/main [1ms]
2023-11-07 20:37:15.745 [info] > git status -z -uall [12ms]
2023-11-07 20:37:20.783 [info] > git config --get commit.template [6ms]
2023-11-07 20:37:20.783 [info] > git for-each-ref --format=%(refname)%00%(upstream:short)%00%(objectname)%00%(upstream:track)%00%(upstream:remotename)%00%(upstream:remoteref) refs/heads/main refs/remotes/main [1ms]
2023-11-07 20:37:20.800 [info] > git status -z -uall [12ms]
2023-11-07 20:37:25.835 [info] > git config --get commit.template [6ms]
2023-11-07 20:37:25.835 [info] > git for-each-ref --format=%(refname)%00%(upstream:short)%00%(objectname)%00%(upstream:track)%00%(upstream:remotename)%00%(upstream:remoteref) refs/heads/main refs/remotes/main [1ms]
2023-11-07 20:37:25.853 [info] > git status -z -uall [12ms]
2023-11-07 20:37:30.893 [info] > git config --get commit.template [8ms]
2023-11-07 20:37:30.893 [info] > git for-each-ref --format=%(refname)%00%(upstream:short)%00%(objectname)%00%(upstream:track)%00%(upstream:remotename)%00%(upstream:remoteref) refs/heads/main refs/remotes/main [1ms]
2023-11-07 20:37:30.910 [info] > git status -z -uall [12ms]
2023-11-07 20:37:35.946 [info] > git config --get commit.template [6ms]
2023-11-07 20:37:35.949 [info] > git for-each-ref --format=%(refname)%00%(upstream:short)%00%(objectname)%00%(upstream:track)%00%(upstream:remotename)%00%(upstream:remoteref) refs/heads/main refs/remotes/main [3ms]
2023-11-07 20:37:35.966 [info] > git status -z -uall [12ms]
2023-11-07 20:37:41.079 [info] > git config --get commit.template [7ms]
2023-11-07 20:37:41.079 [info] > git for-each-ref --format=%(refname)%00%(upstream:short)%00%(objectname)%00%(upstream:track)%00%(upstream:remotename)%00%(upstream:remoteref) refs/heads/main refs/remotes/main [1ms]
2023-11-07 20:37:41.097 [info] > git status -z -uall [13ms]
2023-11-07 20:37:55.506 [info] > git config --get commit.template [7ms]
2023-11-07 20:37:55.506 [info] > git for-each-ref --format=%(refname)%00%(upstream:short)%00%(objectname)%00%(upstream:track)%00%(upstream:remotename)%00%(upstream:remoteref) refs/heads/main refs/remotes/main [1ms]
2023-11-07 20:37:55.524 [info] > git status -z -uall [13ms]
2023-11-07 20:38:00.565 [info] > git config --get commit.template [5ms]
2023-11-07 20:38:00.565 [info] > git for-each-ref --format=%(refname)%00%(upstream:short)%00%(objectname)%00%(upstream:track)%00%(upstream:remotename)%00%(upstream:remoteref) refs/heads/main refs/remotes/main [1ms]
2023-11-07 20:38:00.583 [info] > git status -z -uall [13ms]
2023-11-07 20:38:05.617 [info] > git config --get commit.template [6ms]
2023-11-07 20:38:05.618 [info] > git for-each-ref --format=%(refname)%00%(upstream:short)%00%(objectname)%00%(upstream:track)%00%(upstream:remotename)%00%(upstream:remoteref) refs/heads/main refs/remotes/main [1ms]
2023-11-07 20:38:05.635 [info] > git status -z -uall [12ms]
2023-11-07 20:38:10.670 [info] > git config --get commit.template [5ms]
2023-11-07 20:38:10.671 [info] > git for-each-ref --format=%(refname)%00%(upstream:short)%00%(objectname)%00%(upstream:track)%00%(upstream:remotename)%00%(upstream:remoteref) refs/heads/main refs/remotes/main [1ms]
2023-11-07 20:38:10.688 [info] > git status -z -uall [12ms]
2023-11-07 20:38:15.725 [info] > git config --get commit.template [6ms]
2023-11-07 20:38:15.726 [info] > git for-each-ref --format=%(refname)%00%(upstream:short)%00%(objectname)%00%(upstream:track)%00%(upstream:remotename)%00%(upstream:remoteref) refs/heads/main refs/remotes/main [1ms]
2023-11-07 20:38:15.743 [info] > git status -z -uall [12ms]
2023-11-07 20:38:20.777 [info] > git config --get commit.template [6ms]
2023-11-07 20:38:20.777 [info] > git for-each-ref --format=%(refname)%00%(upstream:short)%00%(objectname)%00%(upstream:track)%00%(upstream:remotename)%00%(upstream:remoteref) refs/heads/main refs/remotes/main [1ms]
2023-11-07 20:38:20.794 [info] > git status -z -uall [12ms]
2023-11-07 20:38:25.831 [info] > git config --get commit.template [6ms]
2023-11-07 20:38:25.831 [info] > git for-each-ref --format=%(refname)%00%(upstream:short)%00%(objectname)%00%(upstream:track)%00%(upstream:remotename)%00%(upstream:remoteref) refs/heads/main refs/remotes/main [1ms]
2023-11-07 20:38:25.848 [info] > git status -z -uall [12ms]
2023-11-07 20:38:29.340 [info] > git show --textconv :qtile/config.py [7ms]
2023-11-07 20:38:29.341 [info] > git ls-files --stage -- /home/bocchi/.config/qtile/config.py [2ms]
2023-11-07 20:38:29.347 [info] > git cat-file -s 9378109754638741155744896dfd03a09408e855 [1ms]
2023-11-07 20:38:30.389 [info] > git show --textconv :qtile/config.py [6ms]
2023-11-07 20:38:30.390 [info] > git ls-files --stage -- /home/bocchi/.config/qtile/config.py [1ms]
2023-11-07 20:38:30.396 [info] > git cat-file -s 9378109754638741155744896dfd03a09408e855 [1ms]
2023-11-07 20:38:30.885 [info] > git config --get commit.template [6ms]
2023-11-07 20:38:30.885 [info] > git for-each-ref --format=%(refname)%00%(upstream:short)%00%(objectname)%00%(upstream:track)%00%(upstream:remotename)%00%(upstream:remoteref) refs/heads/main refs/remotes/main [1ms]
2023-11-07 20:38:30.902 [info] > git status -z -uall [12ms]
2023-11-07 20:38:35.938 [info] > git config --get commit.template [6ms]
2023-11-07 20:38:35.939 [info] > git for-each-ref --format=%(refname)%00%(upstream:short)%00%(objectname)%00%(upstream:track)%00%(upstream:remotename)%00%(upstream:remoteref) refs/heads/main refs/remotes/main [1ms]
2023-11-07 20:38:35.957 [info] > git status -z -uall [11ms]
2023-11-07 20:38:52.767 [info] > git config --get commit.template [6ms]
2023-11-07 20:38:52.767 [info] > git for-each-ref --format=%(refname)%00%(upstream:short)%00%(objectname)%00%(upstream:track)%00%(upstream:remotename)%00%(upstream:remoteref) refs/heads/main refs/remotes/main [1ms]
2023-11-07 20:38:52.785 [info] > git status -z -uall [12ms]
2023-11-07 20:38:58.500 [info] > git config --get commit.template [5ms]
2023-11-07 20:38:58.501 [info] > git for-each-ref --format=%(refname)%00%(upstream:short)%00%(objectname)%00%(upstream:track)%00%(upstream:remotename)%00%(upstream:remoteref) refs/heads/main refs/remotes/main [1ms]
2023-11-07 20:38:58.517 [info] > git status -z -uall [12ms]
2023-11-07 20:39:03.556 [info] > git config --get commit.template [6ms]
2023-11-07 20:39:03.556 [info] > git for-each-ref --format=%(refname)%00%(upstream:short)%00%(objectname)%00%(upstream:track)%00%(upstream:remotename)%00%(upstream:remoteref) refs/heads/main refs/remotes/main [1ms]
2023-11-07 20:39:03.574 [info] > git status -z -uall [12ms]
