2023-11-07 15:40:46.763 [info] Added views:workbench.panel.markers.view in workbench.panel.markers
2023-11-07 15:40:46.763 [info] Added views:workbench.panel.output in workbench.panel.output
2023-11-07 15:40:46.763 [info] Added views:terminal in terminal
2023-11-07 15:40:46.763 [info] Added views:outline in workbench.view.explorer
2023-11-07 15:40:46.763 [info] Added views:workbench.scm in workbench.view.scm
2023-11-07 15:40:46.763 [info] Added views:workbench.view.search in workbench.view.search
2023-11-07 15:40:46.763 [info] Added views:timeline in workbench.view.explorer
2023-11-07 15:40:46.763 [info] Added views:workbench.explorer.fileView in workbench.view.explorer
2023-11-07 15:40:46.884 [info] Added views:workbench.debug.welcome in workbench.view.debug
2023-11-07 15:40:47.194 [info] Added views:workbench.panel.repl.view in workbench.panel.repl
2023-11-07 15:40:47.226 [info] Added views:~remote.forwardedPorts in ~remote.forwardedPortsContainer
2023-11-07 15:55:38.466 [info] Added views:workbench.views.extensions.installed,workbench.views.extensions.popular,extensions.recommendedList in workbench.view.extensions
2023-11-07 15:55:38.468 [info] Removed views:workbench.views.extensions.popular from workbench.view.extensions
2023-11-07 15:55:41.578 [info] Removed views:extensions.recommendedList,workbench.views.extensions.installed from workbench.view.extensions
2023-11-07 15:55:41.583 [info] Added views:workbench.views.extensions.marketplace in workbench.view.extensions
2023-11-07 15:55:47.075 [info] Removed views:workbench.views.extensions.marketplace from workbench.view.extensions
2023-11-07 15:55:47.080 [info] Added views:workbench.views.extensions.installed,extensions.recommendedList in workbench.view.extensions
2023-11-07 15:55:49.598 [info] Removed views:extensions.recommendedList,workbench.views.extensions.installed from workbench.view.extensions
2023-11-07 15:55:49.602 [info] Added views:workbench.views.extensions.marketplace in workbench.view.extensions
2023-11-07 15:55:56.848 [info] Removed views:workbench.views.extensions.marketplace from workbench.view.extensions
2023-11-07 15:55:56.853 [info] Added views:workbench.views.extensions.installed,extensions.recommendedList in workbench.view.extensions
2023-11-07 15:55:59.287 [info] Removed views:extensions.recommendedList,workbench.views.extensions.installed from workbench.view.extensions
2023-11-07 15:55:59.295 [info] Added views:workbench.views.extensions.marketplace in workbench.view.extensions
2023-11-07 15:56:00.091 [info] Removed views:workbench.views.extensions.marketplace from workbench.view.extensions
2023-11-07 15:56:00.098 [info] Added views:workbench.views.extensions.installed,extensions.recommendedList in workbench.view.extensions
2023-11-07 15:56:02.269 [info] Removed views:extensions.recommendedList,workbench.views.extensions.installed from workbench.view.extensions
2023-11-07 15:56:02.276 [info] Added views:workbench.views.extensions.marketplace in workbench.view.extensions
