2023-11-07 17:29:32.373 [info] Extension host with pid 1318 started
2023-11-07 17:29:32.373 [info] Skipping acquiring lock for /home/bocchi/.config/Code - OSS/User/workspaceStorage/390f2c33e7a0557a7b0b683f13cb25ee.
2023-11-07 17:29:32.428 [info] ExtensionService#_doActivateExtension vscode.emmet, startup: false, activationEvent: 'onLanguage'
2023-11-07 17:29:32.461 [info] ExtensionService#_doActivateExtension vscode.git-base, startup: true, activationEvent: '*', root cause: vscode.git
2023-11-07 17:29:32.467 [info] ExtensionService#_doActivateExtension vscode.git, startup: true, activationEvent: '*'
2023-11-07 17:29:32.527 [info] ExtensionService#_doActivateExtension vscode.github, startup: true, activationEvent: '*'
2023-11-07 17:29:32.591 [info] Eager extensions activated
2023-11-07 17:29:32.632 [info] ExtensionService#_doActivateExtension vscode.debug-auto-launch, startup: false, activationEvent: 'onStartupFinished'
2023-11-07 17:29:32.634 [info] ExtensionService#_doActivateExtension vscode.merge-conflict, startup: false, activationEvent: 'onStartupFinished'
2023-11-07 17:29:32.656 [info] ExtensionService#_doActivateExtension unthrottled.doki-theme, startup: false, activationEvent: 'onStartupFinished'
2023-11-07 17:29:32.767 [warning] [Decorations] CAPPING events from decorations provider vscode.git 1848
2023-11-07 17:29:32.795 [info] ExtensionService#_doActivateExtension vscode.github-authentication, startup: false, activationEvent: 'onAuthenticationRequest:github'
2023-11-07 17:29:32.864 [warning] [Decorations] CAPPING events from decorations provider vscode.git 1849
2023-11-07 17:30:29.190 [warning] [Decorations] CAPPING events from decorations provider vscode.git 1882
2023-11-07 17:30:34.236 [warning] [Decorations] CAPPING events from decorations provider vscode.git 1882
2023-11-07 17:31:32.208 [warning] [Decorations] CAPPING events from decorations provider vscode.git 1882
2023-11-07 17:31:39.461 [warning] [Decorations] CAPPING events from decorations provider vscode.git 1882
2023-11-07 17:31:44.510 [warning] [Decorations] CAPPING events from decorations provider vscode.git 1882
2023-11-07 17:31:49.561 [warning] [Decorations] CAPPING events from decorations provider vscode.git 1882
2023-11-07 17:31:54.610 [warning] [Decorations] CAPPING events from decorations provider vscode.git 1882
2023-11-07 17:31:59.662 [warning] [Decorations] CAPPING events from decorations provider vscode.git 1882
2023-11-07 17:32:04.710 [warning] [Decorations] CAPPING events from decorations provider vscode.git 1882
2023-11-07 17:32:09.758 [warning] [Decorations] CAPPING events from decorations provider vscode.git 1882
2023-11-07 17:32:14.813 [warning] [Decorations] CAPPING events from decorations provider vscode.git 1882
2023-11-07 17:32:19.858 [warning] [Decorations] CAPPING events from decorations provider vscode.git 1882
2023-11-07 17:32:24.904 [warning] [Decorations] CAPPING events from decorations provider vscode.git 1882
2023-11-07 17:32:29.951 [warning] [Decorations] CAPPING events from decorations provider vscode.git 1882
2023-11-07 17:32:34.997 [warning] [Decorations] CAPPING events from decorations provider vscode.git 1882
2023-11-07 17:32:40.043 [warning] [Decorations] CAPPING events from decorations provider vscode.git 1882
2023-11-07 17:32:45.092 [warning] [Decorations] CAPPING events from decorations provider vscode.git 1882
2023-11-07 17:32:50.140 [warning] [Decorations] CAPPING events from decorations provider vscode.git 1882
2023-11-07 17:32:55.186 [warning] [Decorations] CAPPING events from decorations provider vscode.git 1882
2023-11-07 17:33:00.233 [warning] [Decorations] CAPPING events from decorations provider vscode.git 1882
2023-11-07 17:33:05.281 [warning] [Decorations] CAPPING events from decorations provider vscode.git 1882
2023-11-07 17:33:10.328 [warning] [Decorations] CAPPING events from decorations provider vscode.git 1884
2023-11-07 17:33:15.375 [warning] [Decorations] CAPPING events from decorations provider vscode.git 1884
2023-11-07 17:52:59.463 [warning] [Decorations] CAPPING events from decorations provider vscode.git 1884
2023-11-07 17:54:06.072 [warning] [Decorations] CAPPING events from decorations provider vscode.git 1884
2023-11-07 17:54:11.123 [warning] [Decorations] CAPPING events from decorations provider vscode.git 1884
2023-11-07 17:54:16.177 [warning] [Decorations] CAPPING events from decorations provider vscode.git 1884
2023-11-07 17:54:21.223 [warning] [Decorations] CAPPING events from decorations provider vscode.git 1884
2023-11-07 17:54:26.269 [warning] [Decorations] CAPPING events from decorations provider vscode.git 1884
2023-11-07 17:54:31.313 [warning] [Decorations] CAPPING events from decorations provider vscode.git 1883
2023-11-07 17:54:36.358 [warning] [Decorations] CAPPING events from decorations provider vscode.git 1885
2023-11-07 17:54:41.552 [warning] [Decorations] CAPPING events from decorations provider vscode.git 1885
2023-11-07 17:54:46.597 [warning] [Decorations] CAPPING events from decorations provider vscode.git 1885
2023-11-07 17:54:51.645 [warning] [Decorations] CAPPING events from decorations provider vscode.git 1886
2023-11-07 17:54:56.692 [warning] [Decorations] CAPPING events from decorations provider vscode.git 1886
2023-11-07 17:55:01.734 [warning] [Decorations] CAPPING events from decorations provider vscode.git 1886
2023-11-07 17:56:17.719 [info] Extension host terminating: renderer closed the MessagePort
2023-11-07 17:56:17.728 [error] Canceled: Canceled
	at new f (/usr/lib/code/out/vs/workbench/api/node/extensionHostProcess.js:125:108614)
	at n.U (/usr/lib/code/out/vs/workbench/api/node/extensionHostProcess.js:134:10873)
	at F.<computed>.z.charCodeAt.F.<computed> (/usr/lib/code/out/vs/workbench/api/node/extensionHostProcess.js:134:8315)
	at i.g (/usr/lib/code/out/vs/workbench/api/node/extensionHostProcess.js:125:139130)
	at i.executeCommand (/usr/lib/code/out/vs/workbench/api/node/extensionHostProcess.js:125:138568)
	at $.registerCommand.description (/usr/lib/code/out/vs/workbench/api/node/extensionHostProcess.js:125:137892)
	at i.h (/usr/lib/code/out/vs/workbench/api/node/extensionHostProcess.js:125:139669)
	at i.g (/usr/lib/code/out/vs/workbench/api/node/extensionHostProcess.js:125:138661)
	at i.executeCommand (/usr/lib/code/out/vs/workbench/api/node/extensionHostProcess.js:125:138568)
	at Object.executeCommand (/usr/lib/code/out/vs/workbench/api/node/extensionHostProcess.js:140:21329)
	at h.D [as value] (/usr/lib/code/extensions/git/dist/main.js:2:1316925)
	at c.y (/usr/lib/code/out/vs/workbench/api/node/extensionHostProcess.js:80:1902)
	at c.z (/usr/lib/code/out/vs/workbench/api/node/extensionHostProcess.js:80:1972)
	at c.fire (/usr/lib/code/out/vs/workbench/api/node/extensionHostProcess.js:80:2188)
	at Object.m [as dispose] (/usr/lib/code/extensions/git/dist/main.js:2:1332842)
	at /usr/lib/code/extensions/git/dist/main.js:2:1337795
	at Array.forEach (<anonymous>)
	at g.dispose (/usr/lib/code/extensions/git/dist/main.js:2:1337781)
	at v.<anonymous> (/usr/lib/code/out/vs/workbench/api/node/extensionHostProcess.js:121:3572)
	at v.dispose (/usr/lib/code/out/vs/workbench/api/node/extensionHostProcess.js:121:3669)
	at v.<anonymous> (/usr/lib/code/extensions/git/dist/main.js:2:1318937)
	at v.dispose (/usr/lib/code/out/vs/workbench/api/node/extensionHostProcess.js:121:3669)
	at o (/usr/lib/code/out/vs/workbench/api/node/extensionHostProcess.js:30:754)
	at h.cb (/usr/lib/code/out/vs/workbench/api/node/extensionHostProcess.js:136:9843)
	at /usr/lib/code/out/vs/workbench/api/node/extensionHostProcess.js:136:7793
	at Array.map (<anonymous>)
	at h.Y (/usr/lib/code/out/vs/workbench/api/node/extensionHostProcess.js:136:7781)
	at h.terminate (/usr/lib/code/out/vs/workbench/api/node/extensionHostProcess.js:136:8051)
	at o.terminate (/usr/lib/code/out/vs/workbench/api/node/extensionHostProcess.js:140:1513)
	at a (/usr/lib/code/out/vs/workbench/api/node/extensionHostProcess.js:153:9817)
	at MessagePortMain.<anonymous> (/usr/lib/code/out/vs/workbench/api/node/extensionHostProcess.js:153:6242)
	at MessagePortMain.emit (node:events:513:28)
	at MessagePortMain._internalPort.emit (node:electron/js2c/utility_init:2:367) setContext undefined
2023-11-07 17:56:17.729 [error] Canceled: Canceled
	at new f (/usr/lib/code/out/vs/workbench/api/node/extensionHostProcess.js:125:108614)
	at n.U (/usr/lib/code/out/vs/workbench/api/node/extensionHostProcess.js:134:10873)
	at F.<computed>.z.charCodeAt.F.<computed> (/usr/lib/code/out/vs/workbench/api/node/extensionHostProcess.js:134:8315)
	at i.g (/usr/lib/code/out/vs/workbench/api/node/extensionHostProcess.js:125:139130)
	at i.executeCommand (/usr/lib/code/out/vs/workbench/api/node/extensionHostProcess.js:125:138568)
	at $.registerCommand.description (/usr/lib/code/out/vs/workbench/api/node/extensionHostProcess.js:125:137892)
	at i.h (/usr/lib/code/out/vs/workbench/api/node/extensionHostProcess.js:125:139669)
	at i.g (/usr/lib/code/out/vs/workbench/api/node/extensionHostProcess.js:125:138661)
	at i.executeCommand (/usr/lib/code/out/vs/workbench/api/node/extensionHostProcess.js:125:138568)
	at Object.executeCommand (/usr/lib/code/out/vs/workbench/api/node/extensionHostProcess.js:140:21329)
	at set b [as b] (/usr/lib/code/extensions/github/dist/extension.js:2:714708)
	at /usr/lib/code/extensions/github/dist/extension.js:2:715349
	at h.value (/usr/lib/code/extensions/git/dist/main.js:2:1408111)
	at c.y (/usr/lib/code/out/vs/workbench/api/node/extensionHostProcess.js:80:1902)
	at c.z (/usr/lib/code/out/vs/workbench/api/node/extensionHostProcess.js:80:1972)
	at c.fire (/usr/lib/code/out/vs/workbench/api/node/extensionHostProcess.js:80:2188)
	at Object.m [as dispose] (/usr/lib/code/extensions/git/dist/main.js:2:1332842)
	at /usr/lib/code/extensions/git/dist/main.js:2:1337795
	at Array.forEach (<anonymous>)
	at g.dispose (/usr/lib/code/extensions/git/dist/main.js:2:1337781)
	at v.<anonymous> (/usr/lib/code/out/vs/workbench/api/node/extensionHostProcess.js:121:3572)
	at v.dispose (/usr/lib/code/out/vs/workbench/api/node/extensionHostProcess.js:121:3669)
	at v.<anonymous> (/usr/lib/code/extensions/git/dist/main.js:2:1318937)
	at v.dispose (/usr/lib/code/out/vs/workbench/api/node/extensionHostProcess.js:121:3669)
	at o (/usr/lib/code/out/vs/workbench/api/node/extensionHostProcess.js:30:754)
	at h.cb (/usr/lib/code/out/vs/workbench/api/node/extensionHostProcess.js:136:9843)
	at /usr/lib/code/out/vs/workbench/api/node/extensionHostProcess.js:136:7793
	at Array.map (<anonymous>)
	at h.Y (/usr/lib/code/out/vs/workbench/api/node/extensionHostProcess.js:136:7781)
	at h.terminate (/usr/lib/code/out/vs/workbench/api/node/extensionHostProcess.js:136:8051)
	at o.terminate (/usr/lib/code/out/vs/workbench/api/node/extensionHostProcess.js:140:1513)
	at a (/usr/lib/code/out/vs/workbench/api/node/extensionHostProcess.js:153:9817)
	at MessagePortMain.<anonymous> (/usr/lib/code/out/vs/workbench/api/node/extensionHostProcess.js:153:6242)
	at MessagePortMain.emit (node:events:513:28)
	at MessagePortMain._internalPort.emit (node:electron/js2c/utility_init:2:367) setContext undefined
2023-11-07 17:56:17.729 [info] Extension host with pid 1318 exiting with code 0
