2023-11-07 17:29:32.568 [info] Log level: Info
2023-11-07 17:29:32.568 [info] Validating found git in: "git"
2023-11-07 17:29:32.589 [info] Using git "2.42.1" from "git"
2023-11-07 17:29:32.603 [info] > git rev-parse --show-toplevel [3ms]
2023-11-07 17:29:32.610 [info] > git rev-parse --git-dir --git-common-dir [2ms]
2023-11-07 17:29:32.618 [info] Open repository: /home/bocchi/.config
2023-11-07 17:29:32.672 [info] > git rev-parse --show-toplevel [41ms]
2023-11-07 17:29:32.672 [info] > git config --get commit.template [47ms]
2023-11-07 17:29:32.694 [info] > git rev-parse --show-toplevel [9ms]
2023-11-07 17:29:32.713 [info] > git for-each-ref --format=%(refname)%00%(upstream:short)%00%(objectname)%00%(upstream:track)%00%(upstream:remotename)%00%(upstream:remoteref) refs/heads/main refs/remotes/main [20ms]
2023-11-07 17:29:32.720 [info] > git rev-parse --show-toplevel [7ms]
2023-11-07 17:29:32.729 [info] > git rev-parse --show-toplevel [1ms]
2023-11-07 17:29:32.735 [info] > git rev-parse --show-toplevel [1ms]
2023-11-07 17:29:32.740 [info] > git rev-parse --show-toplevel [0ms]
2023-11-07 17:29:32.747 [info] > git status -z -uall [28ms]
2023-11-07 17:29:32.747 [info] > git rev-parse --show-toplevel [2ms]
2023-11-07 17:29:32.783 [info] > git rev-parse --show-toplevel [5ms]
2023-11-07 17:29:32.790 [info] > git config --get commit.template [8ms]
2023-11-07 17:29:32.795 [info] > git rev-parse --show-toplevel [5ms]
2023-11-07 17:29:32.833 [info] > git for-each-ref --format=%(refname)%00%(upstream:short)%00%(objectname)%00%(upstream:track)%00%(upstream:remotename)%00%(upstream:remoteref) refs/heads/main refs/remotes/main [39ms]
2023-11-07 17:29:32.838 [info] > git rev-parse --show-toplevel [5ms]
2023-11-07 17:29:32.845 [info] > git rev-parse --show-toplevel [1ms]
2023-11-07 17:29:32.848 [info] > git status -z -uall [11ms]
2023-11-07 17:29:33.183 [info] > git check-ignore -v -z --stdin [1ms]
2023-11-07 17:29:33.274 [info] > git show --textconv :qtile/config.py [6ms]
2023-11-07 17:29:33.275 [info] > git ls-files --stage -- /home/bocchi/.config/qtile/config.py [1ms]
2023-11-07 17:29:33.281 [info] > git cat-file -s 9378109754638741155744896dfd03a09408e855 [1ms]
2023-11-07 17:30:29.156 [info] > git config --get commit.template [6ms]
2023-11-07 17:30:29.157 [info] > git for-each-ref --format=%(refname)%00%(upstream:short)%00%(objectname)%00%(upstream:track)%00%(upstream:remotename)%00%(upstream:remoteref) refs/heads/main refs/remotes/main [2ms]
2023-11-07 17:30:29.172 [info] > git status -z -uall [10ms]
2023-11-07 17:30:34.206 [info] > git config --get commit.template [6ms]
2023-11-07 17:30:34.207 [info] > git for-each-ref --format=%(refname)%00%(upstream:short)%00%(objectname)%00%(upstream:track)%00%(upstream:remotename)%00%(upstream:remoteref) refs/heads/main refs/remotes/main [2ms]
2023-11-07 17:30:34.221 [info] > git status -z -uall [10ms]
2023-11-07 17:31:32.178 [info] > git config --get commit.template [6ms]
2023-11-07 17:31:32.178 [info] > git for-each-ref --format=%(refname)%00%(upstream:short)%00%(objectname)%00%(upstream:track)%00%(upstream:remotename)%00%(upstream:remoteref) refs/heads/main refs/remotes/main [1ms]
2023-11-07 17:31:32.193 [info] > git status -z -uall [10ms]
2023-11-07 17:31:39.433 [info] > git config --get commit.template [7ms]
2023-11-07 17:31:39.433 [info] > git for-each-ref --format=%(refname)%00%(upstream:short)%00%(objectname)%00%(upstream:track)%00%(upstream:remotename)%00%(upstream:remoteref) refs/heads/main refs/remotes/main [2ms]
2023-11-07 17:31:39.448 [info] > git status -z -uall [10ms]
2023-11-07 17:31:44.477 [info] > git config --get commit.template [5ms]
2023-11-07 17:31:44.478 [info] > git for-each-ref --format=%(refname)%00%(upstream:short)%00%(objectname)%00%(upstream:track)%00%(upstream:remotename)%00%(upstream:remoteref) refs/heads/main refs/remotes/main [1ms]
2023-11-07 17:31:44.493 [info] > git status -z -uall [11ms]
2023-11-07 17:31:49.533 [info] > git config --get commit.template [7ms]
2023-11-07 17:31:49.533 [info] > git for-each-ref --format=%(refname)%00%(upstream:short)%00%(objectname)%00%(upstream:track)%00%(upstream:remotename)%00%(upstream:remoteref) refs/heads/main refs/remotes/main [1ms]
2023-11-07 17:31:49.548 [info] > git status -z -uall [10ms]
2023-11-07 17:31:54.578 [info] > git config --get commit.template [5ms]
2023-11-07 17:31:54.579 [info] > git for-each-ref --format=%(refname)%00%(upstream:short)%00%(objectname)%00%(upstream:track)%00%(upstream:remotename)%00%(upstream:remoteref) refs/heads/main refs/remotes/main [1ms]
2023-11-07 17:31:54.593 [info] > git status -z -uall [9ms]
2023-11-07 17:31:59.633 [info] > git config --get commit.template [6ms]
2023-11-07 17:31:59.633 [info] > git for-each-ref --format=%(refname)%00%(upstream:short)%00%(objectname)%00%(upstream:track)%00%(upstream:remotename)%00%(upstream:remoteref) refs/heads/main refs/remotes/main [1ms]
2023-11-07 17:31:59.647 [info] > git status -z -uall [9ms]
2023-11-07 17:32:04.676 [info] > git config --get commit.template [2ms]
2023-11-07 17:32:04.683 [info] > git for-each-ref --format=%(refname)%00%(upstream:short)%00%(objectname)%00%(upstream:track)%00%(upstream:remotename)%00%(upstream:remoteref) refs/heads/main refs/remotes/main [1ms]
2023-11-07 17:32:04.698 [info] > git status -z -uall [10ms]
2023-11-07 17:32:09.730 [info] > git config --get commit.template [6ms]
2023-11-07 17:32:09.731 [info] > git for-each-ref --format=%(refname)%00%(upstream:short)%00%(objectname)%00%(upstream:track)%00%(upstream:remotename)%00%(upstream:remoteref) refs/heads/main refs/remotes/main [1ms]
2023-11-07 17:32:09.745 [info] > git status -z -uall [9ms]
2023-11-07 17:32:14.780 [info] > git config --get commit.template [6ms]
2023-11-07 17:32:14.780 [info] > git for-each-ref --format=%(refname)%00%(upstream:short)%00%(objectname)%00%(upstream:track)%00%(upstream:remotename)%00%(upstream:remoteref) refs/heads/main refs/remotes/main [1ms]
2023-11-07 17:32:14.796 [info] > git status -z -uall [10ms]
2023-11-07 17:32:19.830 [info] > git config --get commit.template [6ms]
2023-11-07 17:32:19.831 [info] > git for-each-ref --format=%(refname)%00%(upstream:short)%00%(objectname)%00%(upstream:track)%00%(upstream:remotename)%00%(upstream:remoteref) refs/heads/main refs/remotes/main [0ms]
2023-11-07 17:32:19.846 [info] > git status -z -uall [10ms]
2023-11-07 17:32:24.876 [info] > git config --get commit.template [6ms]
2023-11-07 17:32:24.876 [info] > git for-each-ref --format=%(refname)%00%(upstream:short)%00%(objectname)%00%(upstream:track)%00%(upstream:remotename)%00%(upstream:remoteref) refs/heads/main refs/remotes/main [1ms]
2023-11-07 17:32:24.890 [info] > git status -z -uall [9ms]
2023-11-07 17:32:29.922 [info] > git config --get commit.template [7ms]
2023-11-07 17:32:29.922 [info] > git for-each-ref --format=%(refname)%00%(upstream:short)%00%(objectname)%00%(upstream:track)%00%(upstream:remotename)%00%(upstream:remoteref) refs/heads/main refs/remotes/main [1ms]
2023-11-07 17:32:29.938 [info] > git status -z -uall [9ms]
2023-11-07 17:32:34.969 [info] > git config --get commit.template [6ms]
2023-11-07 17:32:34.969 [info] > git for-each-ref --format=%(refname)%00%(upstream:short)%00%(objectname)%00%(upstream:track)%00%(upstream:remotename)%00%(upstream:remoteref) refs/heads/main refs/remotes/main [1ms]
2023-11-07 17:32:34.984 [info] > git status -z -uall [10ms]
2023-11-07 17:32:40.016 [info] > git config --get commit.template [6ms]
2023-11-07 17:32:40.016 [info] > git for-each-ref --format=%(refname)%00%(upstream:short)%00%(objectname)%00%(upstream:track)%00%(upstream:remotename)%00%(upstream:remoteref) refs/heads/main refs/remotes/main [1ms]
2023-11-07 17:32:40.030 [info] > git status -z -uall [9ms]
2023-11-07 17:32:45.063 [info] > git config --get commit.template [5ms]
2023-11-07 17:32:45.063 [info] > git for-each-ref --format=%(refname)%00%(upstream:short)%00%(objectname)%00%(upstream:track)%00%(upstream:remotename)%00%(upstream:remoteref) refs/heads/main refs/remotes/main [1ms]
2023-11-07 17:32:45.077 [info] > git status -z -uall [9ms]
2023-11-07 17:32:50.113 [info] > git config --get commit.template [6ms]
2023-11-07 17:32:50.113 [info] > git for-each-ref --format=%(refname)%00%(upstream:short)%00%(objectname)%00%(upstream:track)%00%(upstream:remotename)%00%(upstream:remoteref) refs/heads/main refs/remotes/main [1ms]
2023-11-07 17:32:50.127 [info] > git status -z -uall [9ms]
2023-11-07 17:32:55.158 [info] > git config --get commit.template [6ms]
2023-11-07 17:32:55.158 [info] > git for-each-ref --format=%(refname)%00%(upstream:short)%00%(objectname)%00%(upstream:track)%00%(upstream:remotename)%00%(upstream:remoteref) refs/heads/main refs/remotes/main [1ms]
2023-11-07 17:32:55.174 [info] > git status -z -uall [10ms]
2023-11-07 17:33:00.204 [info] > git config --get commit.template [6ms]
2023-11-07 17:33:00.204 [info] > git for-each-ref --format=%(refname)%00%(upstream:short)%00%(objectname)%00%(upstream:track)%00%(upstream:remotename)%00%(upstream:remoteref) refs/heads/main refs/remotes/main [1ms]
2023-11-07 17:33:00.219 [info] > git status -z -uall [10ms]
2023-11-07 17:33:05.251 [info] > git config --get commit.template [5ms]
2023-11-07 17:33:05.252 [info] > git for-each-ref --format=%(refname)%00%(upstream:short)%00%(objectname)%00%(upstream:track)%00%(upstream:remotename)%00%(upstream:remoteref) refs/heads/main refs/remotes/main [1ms]
2023-11-07 17:33:05.268 [info] > git status -z -uall [10ms]
2023-11-07 17:33:08.732 [info] > git show --textconv :qtile/config.py [6ms]
2023-11-07 17:33:08.733 [info] > git ls-files --stage -- /home/bocchi/.config/qtile/config.py [1ms]
2023-11-07 17:33:08.739 [info] > git cat-file -s 9378109754638741155744896dfd03a09408e855 [0ms]
2023-11-07 17:33:10.298 [info] > git config --get commit.template [6ms]
2023-11-07 17:33:10.299 [info] > git for-each-ref --format=%(refname)%00%(upstream:short)%00%(objectname)%00%(upstream:track)%00%(upstream:remotename)%00%(upstream:remoteref) refs/heads/main refs/remotes/main [1ms]
2023-11-07 17:33:10.315 [info] > git status -z -uall [10ms]
2023-11-07 17:33:15.347 [info] > git config --get commit.template [7ms]
2023-11-07 17:33:15.347 [info] > git for-each-ref --format=%(refname)%00%(upstream:short)%00%(objectname)%00%(upstream:track)%00%(upstream:remotename)%00%(upstream:remoteref) refs/heads/main refs/remotes/main [1ms]
2023-11-07 17:33:15.363 [info] > git status -z -uall [10ms]
2023-11-07 17:52:59.426 [info] > git config --get commit.template [1ms]
2023-11-07 17:52:59.433 [info] > git for-each-ref --format=%(refname)%00%(upstream:short)%00%(objectname)%00%(upstream:track)%00%(upstream:remotename)%00%(upstream:remoteref) refs/heads/main refs/remotes/main [2ms]
2023-11-07 17:52:59.448 [info] > git status -z -uall [10ms]
2023-11-07 17:54:06.035 [info] > git config --get commit.template [6ms]
2023-11-07 17:54:06.036 [info] > git for-each-ref --format=%(refname)%00%(upstream:short)%00%(objectname)%00%(upstream:track)%00%(upstream:remotename)%00%(upstream:remoteref) refs/heads/main refs/remotes/main [1ms]
2023-11-07 17:54:06.051 [info] > git status -z -uall [10ms]
2023-11-07 17:54:11.093 [info] > git config --get commit.template [6ms]
2023-11-07 17:54:11.093 [info] > git for-each-ref --format=%(refname)%00%(upstream:short)%00%(objectname)%00%(upstream:track)%00%(upstream:remotename)%00%(upstream:remoteref) refs/heads/main refs/remotes/main [1ms]
2023-11-07 17:54:11.107 [info] > git status -z -uall [9ms]
2023-11-07 17:54:16.143 [info] > git config --get commit.template [6ms]
2023-11-07 17:54:16.144 [info] > git for-each-ref --format=%(refname)%00%(upstream:short)%00%(objectname)%00%(upstream:track)%00%(upstream:remotename)%00%(upstream:remoteref) refs/heads/main refs/remotes/main [1ms]
2023-11-07 17:54:16.159 [info] > git status -z -uall [10ms]
2023-11-07 17:54:21.194 [info] > git config --get commit.template [6ms]
2023-11-07 17:54:21.194 [info] > git for-each-ref --format=%(refname)%00%(upstream:short)%00%(objectname)%00%(upstream:track)%00%(upstream:remotename)%00%(upstream:remoteref) refs/heads/main refs/remotes/main [1ms]
2023-11-07 17:54:21.209 [info] > git status -z -uall [9ms]
2023-11-07 17:54:26.240 [info] > git config --get commit.template [6ms]
2023-11-07 17:54:26.240 [info] > git for-each-ref --format=%(refname)%00%(upstream:short)%00%(objectname)%00%(upstream:track)%00%(upstream:remotename)%00%(upstream:remoteref) refs/heads/main refs/remotes/main [1ms]
2023-11-07 17:54:26.255 [info] > git status -z -uall [9ms]
2023-11-07 17:54:31.286 [info] > git config --get commit.template [7ms]
2023-11-07 17:54:31.286 [info] > git for-each-ref --format=%(refname)%00%(upstream:short)%00%(objectname)%00%(upstream:track)%00%(upstream:remotename)%00%(upstream:remoteref) refs/heads/main refs/remotes/main [1ms]
2023-11-07 17:54:31.301 [info] > git status -z -uall [9ms]
2023-11-07 17:54:36.329 [info] > git config --get commit.template [6ms]
2023-11-07 17:54:36.329 [info] > git for-each-ref --format=%(refname)%00%(upstream:short)%00%(objectname)%00%(upstream:track)%00%(upstream:remotename)%00%(upstream:remoteref) refs/heads/main refs/remotes/main [1ms]
2023-11-07 17:54:36.344 [info] > git status -z -uall [9ms]
2023-11-07 17:54:41.529 [info] > git config --get commit.template [5ms]
2023-11-07 17:54:41.529 [info] > git for-each-ref --format=%(refname)%00%(upstream:short)%00%(objectname)%00%(upstream:track)%00%(upstream:remotename)%00%(upstream:remoteref) refs/heads/main refs/remotes/main [1ms]
2023-11-07 17:54:41.543 [info] > git status -z -uall [10ms]
2023-11-07 17:54:46.569 [info] > git config --get commit.template [7ms]
2023-11-07 17:54:46.569 [info] > git for-each-ref --format=%(refname)%00%(upstream:short)%00%(objectname)%00%(upstream:track)%00%(upstream:remotename)%00%(upstream:remoteref) refs/heads/main refs/remotes/main [1ms]
2023-11-07 17:54:46.584 [info] > git status -z -uall [9ms]
2023-11-07 17:54:51.615 [info] > git config --get commit.template [6ms]
2023-11-07 17:54:51.616 [info] > git for-each-ref --format=%(refname)%00%(upstream:short)%00%(objectname)%00%(upstream:track)%00%(upstream:remotename)%00%(upstream:remoteref) refs/heads/main refs/remotes/main [1ms]
2023-11-07 17:54:51.630 [info] > git status -z -uall [9ms]
2023-11-07 17:54:56.663 [info] > git config --get commit.template [7ms]
2023-11-07 17:54:56.663 [info] > git for-each-ref --format=%(refname)%00%(upstream:short)%00%(objectname)%00%(upstream:track)%00%(upstream:remotename)%00%(upstream:remoteref) refs/heads/main refs/remotes/main [1ms]
2023-11-07 17:54:56.678 [info] > git status -z -uall [10ms]
2023-11-07 17:55:01.712 [info] > git config --get commit.template [5ms]
2023-11-07 17:55:01.712 [info] > git for-each-ref --format=%(refname)%00%(upstream:short)%00%(objectname)%00%(upstream:track)%00%(upstream:remotename)%00%(upstream:remoteref) refs/heads/main refs/remotes/main [1ms]
2023-11-07 17:55:01.726 [info] > git status -z -uall [9ms]
