2023-11-06 10:21:27.682 [info] Log level: Info
2023-11-06 10:21:27.682 [info] Validating found git in: "git"
2023-11-06 10:21:27.682 [info] Using git "2.42.1" from "git"
2023-11-06 10:21:27.682 [info] > git rev-parse --show-toplevel [4ms]
2023-11-06 10:21:27.682 [info] fatal: not a git repository (or any of the parent directories): .git
2023-11-06 10:21:27.682 [info] > git rev-parse --show-toplevel [17ms]
2023-11-06 10:21:27.682 [info] fatal: not a git repository (or any of the parent directories): .git
2023-11-06 10:21:27.682 [info] > git rev-parse --show-toplevel [2ms]
2023-11-06 10:21:27.682 [info] fatal: not a git repository (or any of the parent directories): .git
2023-11-06 10:21:27.688 [info] > git rev-parse --show-toplevel [1ms]
2023-11-06 10:21:27.688 [info] fatal: not a git repository (or any of the parent directories): .git
2023-11-06 10:21:27.694 [info] > git rev-parse --show-toplevel [0ms]
2023-11-06 10:21:27.694 [info] fatal: not a git repository (or any of the parent directories): .git
2023-11-06 10:21:27.699 [info] > git rev-parse --show-toplevel [1ms]
2023-11-06 10:21:27.699 [info] fatal: not a git repository (or any of the parent directories): .git
2023-11-06 10:21:27.704 [info] > git rev-parse --show-toplevel [0ms]
2023-11-06 10:21:27.704 [info] fatal: not a git repository (or any of the parent directories): .git
2023-11-06 10:21:27.708 [info] > git rev-parse --show-toplevel [1ms]
2023-11-06 10:21:27.708 [info] fatal: not a git repository (or any of the parent directories): .git
2023-11-06 10:21:27.713 [info] > git rev-parse --show-toplevel [0ms]
2023-11-06 10:21:27.713 [info] fatal: not a git repository (or any of the parent directories): .git
