2023-11-06 10:25:02.345 [info] Log level: Info
2023-11-06 10:25:02.345 [info] Validating found git in: "git"
2023-11-06 10:25:02.345 [info] Using git "2.42.1" from "git"
2023-11-06 10:25:02.345 [info] > git rev-parse --show-toplevel [1ms]
2023-11-06 10:25:02.345 [info] fatal: not a git repository (or any of the parent directories): .git
2023-11-06 10:25:02.345 [info] > git rev-parse --show-toplevel [1ms]
2023-11-06 10:25:02.345 [info] fatal: not a git repository (or any of the parent directories): .git
2023-11-06 10:25:02.349 [info] > git rev-parse --show-toplevel [0ms]
2023-11-06 10:25:02.349 [info] fatal: not a git repository (or any of the parent directories): .git
2023-11-06 10:25:02.355 [info] > git rev-parse --show-toplevel [1ms]
2023-11-06 10:25:02.355 [info] fatal: not a git repository (or any of the parent directories): .git
2023-11-06 10:25:02.394 [info] > git rev-parse --show-toplevel [5ms]
2023-11-06 10:25:02.394 [info] fatal: not a git repository (or any of the parent directories): .git
2023-11-06 10:25:02.413 [info] > git rev-parse --show-toplevel [2ms]
2023-11-06 10:25:02.413 [info] fatal: not a git repository (or any of the parent directories): .git
2023-11-06 10:25:02.420 [info] > git rev-parse --show-toplevel [1ms]
2023-11-06 10:25:02.420 [info] fatal: not a git repository (or any of the parent directories): .git
2023-11-06 10:25:02.425 [info] > git rev-parse --show-toplevel [1ms]
2023-11-06 10:25:02.425 [info] fatal: not a git repository (or any of the parent directories): .git
2023-11-06 10:25:02.430 [info] > git rev-parse --show-toplevel [0ms]
2023-11-06 10:25:02.430 [info] fatal: not a git repository (or any of the parent directories): .git
