2023-11-07 17:56:46.668 [info] Log level: Info
2023-11-07 17:56:46.668 [info] Validating found git in: "git"
2023-11-07 17:56:46.668 [info] Using git "2.42.1" from "git"
2023-11-07 17:56:46.668 [info] > git rev-parse --show-toplevel [2ms]
2023-11-07 17:56:46.668 [info] > git rev-parse --git-dir --git-common-dir [2ms]
2023-11-07 17:56:46.668 [info] Open repository: /home/bocchi/.config
2023-11-07 17:56:46.696 [info] > git rev-parse --show-toplevel [15ms]
2023-11-07 17:56:46.697 [info] > git config --get commit.template [22ms]
2023-11-07 17:56:46.735 [info] > git rev-parse --show-toplevel [14ms]
2023-11-07 17:56:46.744 [info] > git for-each-ref --format=%(refname)%00%(upstream:short)%00%(objectname)%00%(upstream:track)%00%(upstream:remotename)%00%(upstream:remoteref) refs/heads/main refs/remotes/main [10ms]
2023-11-07 17:56:46.755 [info] > git rev-parse --show-toplevel [11ms]
2023-11-07 17:56:46.765 [info] > git status -z -uall [13ms]
2023-11-07 17:56:46.765 [info] > git rev-parse --show-toplevel [2ms]
2023-11-07 17:56:46.806 [info] > git rev-parse --show-toplevel [5ms]
2023-11-07 17:56:46.814 [info] > git config --get commit.template [8ms]
2023-11-07 17:56:46.819 [info] > git rev-parse --show-toplevel [6ms]
2023-11-07 17:56:46.854 [info] > git for-each-ref --format=%(refname)%00%(upstream:short)%00%(objectname)%00%(upstream:track)%00%(upstream:remotename)%00%(upstream:remoteref) refs/heads/main refs/remotes/main [36ms]
2023-11-07 17:56:46.859 [info] > git rev-parse --show-toplevel [5ms]
2023-11-07 17:56:46.867 [info] > git rev-parse --show-toplevel [2ms]
2023-11-07 17:56:46.873 [info] > git status -z -uall [14ms]
2023-11-07 17:56:46.893 [info] > git rev-parse --show-toplevel [21ms]
2023-11-07 17:56:46.903 [info] > git rev-parse --show-toplevel [3ms]
2023-11-07 17:56:46.913 [info] > git rev-parse --show-toplevel [4ms]
2023-11-07 17:56:46.921 [info] > git rev-parse --show-toplevel [1ms]
2023-11-07 17:56:47.119 [info] > git show --textconv :qtile/config.py [8ms]
2023-11-07 17:56:47.120 [info] > git ls-files --stage -- /home/bocchi/.config/qtile/config.py [1ms]
2023-11-07 17:56:47.127 [info] > git cat-file -s 9378109754638741155744896dfd03a09408e855 [1ms]
2023-11-07 17:56:47.193 [info] > git check-ignore -v -z --stdin [1ms]
2023-11-07 17:56:48.893 [info] > git config --get commit.template [6ms]
2023-11-07 17:56:48.893 [info] > git for-each-ref --format=%(refname)%00%(upstream:short)%00%(objectname)%00%(upstream:track)%00%(upstream:remotename)%00%(upstream:remoteref) refs/heads/main refs/remotes/main [1ms]
2023-11-07 17:56:48.908 [info] > git status -z -uall [10ms]
2023-11-07 17:57:30.130 [info] > git config --get commit.template [6ms]
2023-11-07 17:57:30.130 [info] > git for-each-ref --format=%(refname)%00%(upstream:short)%00%(objectname)%00%(upstream:track)%00%(upstream:remotename)%00%(upstream:remoteref) refs/heads/main refs/remotes/main [1ms]
2023-11-07 17:57:30.146 [info] > git status -z -uall [10ms]
2023-11-07 17:57:35.179 [info] > git config --get commit.template [6ms]
2023-11-07 17:57:35.179 [info] > git for-each-ref --format=%(refname)%00%(upstream:short)%00%(objectname)%00%(upstream:track)%00%(upstream:remotename)%00%(upstream:remoteref) refs/heads/main refs/remotes/main [1ms]
2023-11-07 17:57:35.195 [info] > git status -z -uall [10ms]
2023-11-07 17:57:40.235 [info] > git config --get commit.template [8ms]
2023-11-07 17:57:40.236 [info] > git for-each-ref --format=%(refname)%00%(upstream:short)%00%(objectname)%00%(upstream:track)%00%(upstream:remotename)%00%(upstream:remoteref) refs/heads/main refs/remotes/main [1ms]
2023-11-07 17:57:40.250 [info] > git status -z -uall [9ms]
2023-11-07 17:57:45.284 [info] > git config --get commit.template [6ms]
2023-11-07 17:57:45.284 [info] > git for-each-ref --format=%(refname)%00%(upstream:short)%00%(objectname)%00%(upstream:track)%00%(upstream:remotename)%00%(upstream:remoteref) refs/heads/main refs/remotes/main [1ms]
2023-11-07 17:57:45.299 [info] > git status -z -uall [10ms]
2023-11-07 17:57:50.333 [info] > git config --get commit.template [7ms]
2023-11-07 17:57:50.333 [info] > git for-each-ref --format=%(refname)%00%(upstream:short)%00%(objectname)%00%(upstream:track)%00%(upstream:remotename)%00%(upstream:remoteref) refs/heads/main refs/remotes/main [1ms]
2023-11-07 17:57:50.349 [info] > git status -z -uall [10ms]
2023-11-07 17:57:55.383 [info] > git config --get commit.template [6ms]
2023-11-07 17:57:55.383 [info] > git for-each-ref --format=%(refname)%00%(upstream:short)%00%(objectname)%00%(upstream:track)%00%(upstream:remotename)%00%(upstream:remoteref) refs/heads/main refs/remotes/main [1ms]
2023-11-07 17:57:55.399 [info] > git status -z -uall [10ms]
2023-11-07 17:58:00.435 [info] > git config --get commit.template [7ms]
2023-11-07 17:58:00.435 [info] > git for-each-ref --format=%(refname)%00%(upstream:short)%00%(objectname)%00%(upstream:track)%00%(upstream:remotename)%00%(upstream:remoteref) refs/heads/main refs/remotes/main [1ms]
2023-11-07 17:58:00.452 [info] > git status -z -uall [9ms]
2023-11-07 17:58:05.486 [info] > git config --get commit.template [6ms]
2023-11-07 17:58:05.487 [info] > git for-each-ref --format=%(refname)%00%(upstream:short)%00%(objectname)%00%(upstream:track)%00%(upstream:remotename)%00%(upstream:remoteref) refs/heads/main refs/remotes/main [2ms]
2023-11-07 17:58:05.501 [info] > git status -z -uall [10ms]
2023-11-07 17:58:10.534 [info] > git config --get commit.template [5ms]
2023-11-07 17:58:10.535 [info] > git for-each-ref --format=%(refname)%00%(upstream:short)%00%(objectname)%00%(upstream:track)%00%(upstream:remotename)%00%(upstream:remoteref) refs/heads/main refs/remotes/main [1ms]
2023-11-07 17:58:10.551 [info] > git status -z -uall [11ms]
2023-11-07 17:58:15.579 [info] > git config --get commit.template [5ms]
2023-11-07 17:58:15.579 [info] > git for-each-ref --format=%(refname)%00%(upstream:short)%00%(objectname)%00%(upstream:track)%00%(upstream:remotename)%00%(upstream:remoteref) refs/heads/main refs/remotes/main [1ms]
2023-11-07 17:58:15.594 [info] > git status -z -uall [10ms]
2023-11-07 17:58:20.622 [info] > git config --get commit.template [6ms]
2023-11-07 17:58:20.622 [info] > git for-each-ref --format=%(refname)%00%(upstream:short)%00%(objectname)%00%(upstream:track)%00%(upstream:remotename)%00%(upstream:remoteref) refs/heads/main refs/remotes/main [1ms]
2023-11-07 17:58:20.637 [info] > git status -z -uall [10ms]
