2023-11-06 10:23:34.849 [info] Log level: Info
2023-11-06 10:23:34.849 [info] Validating found git in: "git"
2023-11-06 10:23:34.849 [info] Using git "2.42.1" from "git"
2023-11-06 10:23:34.849 [info] > git rev-parse --show-toplevel [2ms]
2023-11-06 10:23:34.849 [info] fatal: not a git repository (or any of the parent directories): .git
2023-11-06 10:23:34.849 [info] > git rev-parse --show-toplevel [2ms]
2023-11-06 10:23:34.849 [info] fatal: not a git repository (or any of the parent directories): .git
2023-11-06 10:23:34.849 [info] > git rev-parse --show-toplevel [1ms]
2023-11-06 10:23:34.849 [info] fatal: not a git repository (or any of the parent directories): .git
2023-11-06 10:23:34.869 [info] > git rev-parse --show-toplevel [15ms]
2023-11-06 10:23:34.869 [info] fatal: not a git repository (or any of the parent directories): .git
2023-11-06 10:23:34.877 [info] > git rev-parse --show-toplevel [1ms]
2023-11-06 10:23:34.877 [info] fatal: not a git repository (or any of the parent directories): .git
2023-11-06 10:23:34.885 [info] > git rev-parse --show-toplevel [1ms]
2023-11-06 10:23:34.885 [info] fatal: not a git repository (or any of the parent directories): .git
2023-11-06 10:23:34.891 [info] > git rev-parse --show-toplevel [1ms]
2023-11-06 10:23:34.891 [info] fatal: not a git repository (or any of the parent directories): .git
2023-11-06 10:23:34.897 [info] > git rev-parse --show-toplevel [0ms]
2023-11-06 10:23:34.897 [info] fatal: not a git repository (or any of the parent directories): .git
2023-11-06 10:23:35.007 [info] > git rev-parse --show-toplevel [1ms]
2023-11-06 10:23:35.007 [info] fatal: not a git repository (or any of the parent directories): .git
