2023-11-06 10:31:18.865 [info] Log level: Info
2023-11-06 10:31:18.865 [info] Validating found git in: "git"
2023-11-06 10:31:18.865 [info] Using git "2.42.1" from "git"
2023-11-06 10:31:18.865 [info] > git rev-parse --show-toplevel [2ms]
2023-11-06 10:31:18.865 [info] fatal: not a git repository (or any of the parent directories): .git
2023-11-06 10:31:18.865 [info] > git rev-parse --show-toplevel [37ms]
2023-11-06 10:31:18.865 [info] fatal: not a git repository (or any of the parent directories): .git
2023-11-06 10:31:18.865 [info] > git rev-parse --show-toplevel [2ms]
2023-11-06 10:31:18.865 [info] fatal: not a git repository (or any of the parent directories): .git
2023-11-06 10:31:18.871 [info] > git rev-parse --show-toplevel [1ms]
2023-11-06 10:31:18.871 [info] fatal: not a git repository (or any of the parent directories): .git
2023-11-06 10:31:18.882 [info] > git rev-parse --show-toplevel [5ms]
2023-11-06 10:31:18.882 [info] fatal: not a git repository (or any of the parent directories): .git
2023-11-06 10:31:18.888 [info] > git rev-parse --show-toplevel [1ms]
2023-11-06 10:31:18.888 [info] fatal: not a git repository (or any of the parent directories): .git
2023-11-06 10:31:18.894 [info] > git rev-parse --show-toplevel [0ms]
2023-11-06 10:31:18.894 [info] fatal: not a git repository (or any of the parent directories): .git
2023-11-06 10:31:18.900 [info] > git rev-parse --show-toplevel [1ms]
2023-11-06 10:31:18.900 [info] fatal: not a git repository (or any of the parent directories): .git
2023-11-06 10:31:18.907 [info] > git rev-parse --show-toplevel [0ms]
2023-11-06 10:31:18.907 [info] fatal: not a git repository (or any of the parent directories): .git
