2023-11-07 16:54:19.296 [info] Extension host with pid 1336 started
2023-11-07 16:54:19.296 [info] Skipping acquiring lock for /home/bocchi/.config/Code - OSS/User/workspaceStorage/390f2c33e7a0557a7b0b683f13cb25ee.
2023-11-07 16:54:19.391 [info] ExtensionService#_doActivateExtension vscode.emmet, startup: false, activationEvent: 'onLanguage'
2023-11-07 16:54:19.431 [info] ExtensionService#_doActivateExtension vscode.git-base, startup: true, activationEvent: '*', root cause: vscode.git
2023-11-07 16:54:19.435 [info] ExtensionService#_doActivateExtension vscode.git, startup: true, activationEvent: '*'
2023-11-07 16:54:19.499 [info] ExtensionService#_doActivateExtension vscode.github, startup: true, activationEvent: '*'
2023-11-07 16:54:19.567 [info] Eager extensions activated
2023-11-07 16:54:19.575 [info] ExtensionService#_doActivateExtension vscode.debug-auto-launch, startup: false, activationEvent: 'onStartupFinished'
2023-11-07 16:54:19.577 [info] ExtensionService#_doActivateExtension vscode.merge-conflict, startup: false, activationEvent: 'onStartupFinished'
2023-11-07 16:54:19.596 [info] ExtensionService#_doActivateExtension unthrottled.doki-theme, startup: false, activationEvent: 'onStartupFinished'
2023-11-07 16:54:19.752 [info] ExtensionService#_doActivateExtension vscode.github-authentication, startup: false, activationEvent: 'onAuthenticationRequest:github'
2023-11-07 17:08:06.643 [warning] [Decorations] CAPPING events from decorations provider vscode.git 1829
2023-11-07 17:13:06.558 [warning] [Decorations] CAPPING events from decorations provider vscode.git 1831
2023-11-07 17:13:27.623 [warning] [Decorations] CAPPING events from decorations provider vscode.git 1831
2023-11-07 17:13:32.667 [warning] [Decorations] CAPPING events from decorations provider vscode.git 1831
2023-11-07 17:13:37.714 [warning] [Decorations] CAPPING events from decorations provider vscode.git 1832
2023-11-07 17:13:44.732 [warning] [Decorations] CAPPING events from decorations provider vscode.git 1832
2023-11-07 17:13:49.774 [warning] [Decorations] CAPPING events from decorations provider vscode.git 1832
2023-11-07 17:13:54.820 [warning] [Decorations] CAPPING events from decorations provider vscode.git 1832
2023-11-07 17:13:59.866 [warning] [Decorations] CAPPING events from decorations provider vscode.git 1833
2023-11-07 17:14:04.918 [warning] [Decorations] CAPPING events from decorations provider vscode.git 1833
2023-11-07 17:14:09.965 [warning] [Decorations] CAPPING events from decorations provider vscode.git 1833
2023-11-07 17:14:23.376 [warning] [Decorations] CAPPING events from decorations provider vscode.git 1833
2023-11-07 17:14:28.416 [warning] [Decorations] CAPPING events from decorations provider vscode.git 1832
2023-11-07 17:14:36.495 [warning] [Decorations] CAPPING events from decorations provider vscode.git 1832
2023-11-07 17:14:41.541 [warning] [Decorations] CAPPING events from decorations provider vscode.git 1832
2023-11-07 17:14:46.596 [warning] [Decorations] CAPPING events from decorations provider vscode.git 1832
2023-11-07 17:14:51.641 [warning] [Decorations] CAPPING events from decorations provider vscode.git 1832
2023-11-07 17:14:56.689 [warning] [Decorations] CAPPING events from decorations provider vscode.git 1832
2023-11-07 17:15:01.736 [warning] [Decorations] CAPPING events from decorations provider vscode.git 1832
2023-11-07 17:15:06.777 [warning] [Decorations] CAPPING events from decorations provider vscode.git 1832
2023-11-07 17:15:11.817 [warning] [Decorations] CAPPING events from decorations provider vscode.git 1832
2023-11-07 17:15:16.857 [warning] [Decorations] CAPPING events from decorations provider vscode.git 1832
2023-11-07 17:15:21.899 [warning] [Decorations] CAPPING events from decorations provider vscode.git 1833
2023-11-07 17:15:26.946 [warning] [Decorations] CAPPING events from decorations provider vscode.git 1833
2023-11-07 17:15:31.995 [warning] [Decorations] CAPPING events from decorations provider vscode.git 1833
2023-11-07 17:15:37.045 [warning] [Decorations] CAPPING events from decorations provider vscode.git 1833
2023-11-07 17:15:42.096 [warning] [Decorations] CAPPING events from decorations provider vscode.git 1833
2023-11-07 17:15:47.151 [warning] [Decorations] CAPPING events from decorations provider vscode.git 1833
2023-11-07 17:15:52.196 [warning] [Decorations] CAPPING events from decorations provider vscode.git 1833
2023-11-07 17:15:57.251 [warning] [Decorations] CAPPING events from decorations provider vscode.git 1833
2023-11-07 17:16:02.294 [warning] [Decorations] CAPPING events from decorations provider vscode.git 1833
2023-11-07 17:16:07.339 [warning] [Decorations] CAPPING events from decorations provider vscode.git 1833
2023-11-07 17:16:12.383 [warning] [Decorations] CAPPING events from decorations provider vscode.git 1833
