2023-11-07 17:56:46.432 [info] Extension host with pid 17288 started
2023-11-07 17:56:46.432 [info] Skipping acquiring lock for /home/bocchi/.config/Code - OSS/User/workspaceStorage/390f2c33e7a0557a7b0b683f13cb25ee.
2023-11-07 17:56:46.437 [info] ExtensionService#_doActivateExtension vscode.emmet, startup: false, activationEvent: 'onLanguage'
2023-11-07 17:56:46.485 [info] ExtensionService#_doActivateExtension vscode.git-base, startup: true, activationEvent: '*', root cause: vscode.git
2023-11-07 17:56:46.490 [info] ExtensionService#_doActivateExtension vscode.git, startup: true, activationEvent: '*'
2023-11-07 17:56:46.544 [info] ExtensionService#_doActivateExtension vscode.github, startup: true, activationEvent: '*'
2023-11-07 17:56:46.605 [info] Eager extensions activated
2023-11-07 17:56:46.638 [info] ExtensionService#_doActivateExtension vscode.debug-auto-launch, startup: false, activationEvent: 'onStartupFinished'
2023-11-07 17:56:46.640 [info] ExtensionService#_doActivateExtension vscode.merge-conflict, startup: false, activationEvent: 'onStartupFinished'
2023-11-07 17:56:46.657 [info] ExtensionService#_doActivateExtension unthrottled.doki-theme, startup: false, activationEvent: 'onStartupFinished'
2023-11-07 17:56:46.789 [warning] [Decorations] CAPPING events from decorations provider vscode.git 1908
2023-11-07 17:56:46.819 [info] ExtensionService#_doActivateExtension vscode.github-authentication, startup: false, activationEvent: 'onAuthenticationRequest:github'
2023-11-07 17:56:46.888 [warning] [Decorations] CAPPING events from decorations provider vscode.git 1908
2023-11-07 17:56:48.921 [warning] [Decorations] CAPPING events from decorations provider vscode.git 1909
2023-11-07 17:57:30.161 [warning] [Decorations] CAPPING events from decorations provider vscode.git 1941
2023-11-07 17:57:35.210 [warning] [Decorations] CAPPING events from decorations provider vscode.git 1941
2023-11-07 17:57:40.264 [warning] [Decorations] CAPPING events from decorations provider vscode.git 1941
2023-11-07 17:57:45.313 [warning] [Decorations] CAPPING events from decorations provider vscode.git 1941
2023-11-07 17:57:50.363 [warning] [Decorations] CAPPING events from decorations provider vscode.git 1941
2023-11-07 17:57:55.413 [warning] [Decorations] CAPPING events from decorations provider vscode.git 1941
2023-11-07 17:58:00.465 [warning] [Decorations] CAPPING events from decorations provider vscode.git 1941
2023-11-07 17:58:05.515 [warning] [Decorations] CAPPING events from decorations provider vscode.git 1941
2023-11-07 17:58:10.563 [warning] [Decorations] CAPPING events from decorations provider vscode.git 1941
2023-11-07 17:58:15.606 [warning] [Decorations] CAPPING events from decorations provider vscode.git 1941
2023-11-07 17:58:20.648 [warning] [Decorations] CAPPING events from decorations provider vscode.git 1942
