2023-11-07 18:24:28.942 [info] Log level: Info
2023-11-07 18:24:28.942 [info] Validating found git in: "git"
2023-11-07 18:24:28.942 [info] Using git "2.42.1" from "git"
2023-11-07 18:24:28.942 [info] > git rev-parse --show-toplevel [6ms]
2023-11-07 18:24:28.942 [info] > git rev-parse --git-dir --git-common-dir [4ms]
2023-11-07 18:24:28.942 [info] Open repository: /home/bocchi/.config
2023-11-07 18:24:28.943 [info] > git config --get commit.template [6ms]
2023-11-07 18:24:28.944 [info] > git rev-parse --show-toplevel [2ms]
2023-11-07 18:24:28.954 [info] > git for-each-ref --format=%(refname)%00%(upstream:short)%00%(objectname)%00%(upstream:track)%00%(upstream:remotename)%00%(upstream:remoteref) refs/heads/main refs/remotes/main [6ms]
2023-11-07 18:24:28.961 [info] > git rev-parse --show-toplevel [8ms]
2023-11-07 18:24:28.968 [info] > git rev-parse --show-toplevel [1ms]
2023-11-07 18:24:28.975 [info] > git status -z -uall [17ms]
2023-11-07 18:24:28.975 [info] > git rev-parse --show-toplevel [2ms]
2023-11-07 18:24:29.015 [info] > git config --get commit.template [1ms]
2023-11-07 18:24:29.015 [info] > git rev-parse --show-toplevel [6ms]
2023-11-07 18:24:29.171 [info] > git for-each-ref --format=%(refname)%00%(upstream:short)%00%(objectname)%00%(upstream:track)%00%(upstream:remotename)%00%(upstream:remoteref) refs/heads/main refs/remotes/main [39ms]
2023-11-07 18:24:29.177 [info] > git rev-parse --show-toplevel [50ms]
2023-11-07 18:24:29.185 [info] > git rev-parse --show-toplevel [2ms]
2023-11-07 18:24:29.190 [info] > git status -z -uall [13ms]
2023-11-07 18:24:29.206 [info] > git rev-parse --show-toplevel [17ms]
2023-11-07 18:24:29.214 [info] > git rev-parse --show-toplevel [2ms]
2023-11-07 18:24:29.219 [info] > git rev-parse --show-toplevel [1ms]
2023-11-07 18:24:29.223 [info] > git rev-parse --show-toplevel [0ms]
2023-11-07 18:24:29.228 [info] > git rev-parse --show-toplevel [1ms]
2023-11-07 18:24:29.438 [info] > git show --textconv :qtile/config.py [5ms]
2023-11-07 18:24:29.439 [info] > git ls-files --stage -- /home/bocchi/.config/qtile/config.py [2ms]
2023-11-07 18:24:29.444 [info] > git cat-file -s 9378109754638741155744896dfd03a09408e855 [1ms]
2023-11-07 18:24:29.480 [info] > git check-ignore -v -z --stdin [1ms]
2023-11-07 18:24:32.416 [info] > git config --get commit.template [6ms]
2023-11-07 18:24:32.416 [info] > git for-each-ref --format=%(refname)%00%(upstream:short)%00%(objectname)%00%(upstream:track)%00%(upstream:remotename)%00%(upstream:remoteref) refs/heads/main refs/remotes/main [1ms]
2023-11-07 18:24:32.432 [info] > git status -z -uall [11ms]
2023-11-07 18:24:38.176 [info] > git config --get commit.template [7ms]
2023-11-07 18:24:38.176 [info] > git for-each-ref --format=%(refname)%00%(upstream:short)%00%(objectname)%00%(upstream:track)%00%(upstream:remotename)%00%(upstream:remoteref) refs/heads/main refs/remotes/main [1ms]
2023-11-07 18:24:38.192 [info] > git status -z -uall [10ms]
2023-11-07 18:24:57.592 [info] > git config --get commit.template [6ms]
2023-11-07 18:24:57.592 [info] > git for-each-ref --format=%(refname)%00%(upstream:short)%00%(objectname)%00%(upstream:track)%00%(upstream:remotename)%00%(upstream:remoteref) refs/heads/main refs/remotes/main [1ms]
2023-11-07 18:24:57.607 [info] > git status -z -uall [10ms]
