2023-11-07 16:54:19.689 [info] Log level: Info
2023-11-07 16:54:19.689 [info] Validating found git in: "git"
2023-11-07 16:54:19.689 [info] Using git "2.42.1" from "git"
2023-11-07 16:54:19.689 [info] > git rev-parse --show-toplevel [5ms]
2023-11-07 16:54:19.689 [info] > git rev-parse --git-dir --git-common-dir [4ms]
2023-11-07 16:54:19.689 [info] Open repository: /home/bocchi/.config
2023-11-07 16:54:19.689 [info] > git rev-parse --show-toplevel [12ms]
2023-11-07 16:54:19.689 [info] > git config --get commit.template [18ms]
2023-11-07 16:54:19.700 [info] > git rev-parse --show-toplevel [7ms]
2023-11-07 16:54:19.705 [info] > git for-each-ref --format=%(refname)%00%(upstream:short)%00%(objectname)%00%(upstream:track)%00%(upstream:remotename)%00%(upstream:remoteref) refs/heads/main refs/remotes/main [6ms]
2023-11-07 16:54:19.710 [info] > git rev-parse --show-toplevel [6ms]
2023-11-07 16:54:19.720 [info] > git status -z -uall [11ms]
2023-11-07 16:54:19.720 [info] > git rev-parse --show-toplevel [6ms]
2023-11-07 16:54:19.747 [info] > git config --get commit.template [2ms]
2023-11-07 16:54:19.747 [info] > git rev-parse --show-toplevel [6ms]
2023-11-07 16:54:19.789 [info] > git rev-parse --show-toplevel [37ms]
2023-11-07 16:54:19.795 [info] > git rev-parse --show-toplevel [2ms]
2023-11-07 16:54:19.795 [info] > git for-each-ref --format=%(refname)%00%(upstream:short)%00%(objectname)%00%(upstream:track)%00%(upstream:remotename)%00%(upstream:remoteref) refs/heads/main refs/remotes/main [7ms]
2023-11-07 16:54:19.805 [info] > git rev-parse --show-toplevel [1ms]
2023-11-07 16:54:19.810 [info] > git status -z -uall [11ms]
2023-11-07 16:54:19.813 [info] > git rev-parse --show-toplevel [4ms]
2023-11-07 16:54:19.819 [info] > git rev-parse --show-toplevel [1ms]
2023-11-07 16:54:20.132 [info] > git show --textconv :qtile/config.py [6ms]
2023-11-07 16:54:20.133 [info] > git ls-files --stage -- /home/bocchi/.config/qtile/config.py [1ms]
2023-11-07 16:54:20.138 [info] > git cat-file -s 9378109754638741155744896dfd03a09408e855 [1ms]
2023-11-07 16:54:20.186 [info] > git check-ignore -v -z --stdin [1ms]
2023-11-07 16:54:45.978 [info] > git config --get commit.template [6ms]
2023-11-07 16:54:45.978 [info] > git for-each-ref --format=%(refname)%00%(upstream:short)%00%(objectname)%00%(upstream:track)%00%(upstream:remotename)%00%(upstream:remoteref) refs/heads/main refs/remotes/main [1ms]
2023-11-07 16:54:45.989 [info] > git status -z -uall [6ms]
2023-11-07 16:54:51.419 [info] > git config --get commit.template [5ms]
2023-11-07 16:54:51.419 [info] > git for-each-ref --format=%(refname)%00%(upstream:short)%00%(objectname)%00%(upstream:track)%00%(upstream:remotename)%00%(upstream:remoteref) refs/heads/main refs/remotes/main [1ms]
2023-11-07 16:54:51.430 [info] > git status -z -uall [5ms]
2023-11-07 16:54:58.794 [info] > git rev-parse --show-toplevel [1ms]
2023-11-07 16:54:58.794 [info] fatal: not a git repository (or any of the parent directories): .git
2023-11-07 16:55:00.291 [info] > git config --get commit.template [5ms]
2023-11-07 16:55:00.292 [info] > git for-each-ref --format=%(refname)%00%(upstream:short)%00%(objectname)%00%(upstream:track)%00%(upstream:remotename)%00%(upstream:remoteref) refs/heads/main refs/remotes/main [1ms]
2023-11-07 16:55:00.303 [info] > git status -z -uall [7ms]
2023-11-07 16:55:02.457 [info] > git show --textconv :qtile/config.py [5ms]
2023-11-07 16:55:02.457 [info] > git ls-files --stage -- /home/bocchi/.config/qtile/config.py [1ms]
2023-11-07 16:55:02.462 [info] > git cat-file -s 9378109754638741155744896dfd03a09408e855 [0ms]
2023-11-07 16:55:02.933 [info] > git rev-parse --show-toplevel [1ms]
2023-11-07 16:55:02.933 [info] fatal: not a git repository (or any of the parent directories): .git
2023-11-07 16:55:04.496 [info] > git show --textconv :qtile/config.py [5ms]
2023-11-07 16:55:04.497 [info] > git ls-files --stage -- /home/bocchi/.config/qtile/config.py [1ms]
2023-11-07 16:55:04.502 [info] > git cat-file -s 9378109754638741155744896dfd03a09408e855 [1ms]
2023-11-07 16:55:05.320 [info] > git config --get commit.template [5ms]
2023-11-07 16:55:05.321 [info] > git for-each-ref --format=%(refname)%00%(upstream:short)%00%(objectname)%00%(upstream:track)%00%(upstream:remotename)%00%(upstream:remoteref) refs/heads/main refs/remotes/main [1ms]
2023-11-07 16:55:05.331 [info] > git status -z -uall [6ms]
2023-11-07 16:55:10.347 [info] > git config --get commit.template [5ms]
2023-11-07 16:55:10.347 [info] > git for-each-ref --format=%(refname)%00%(upstream:short)%00%(objectname)%00%(upstream:track)%00%(upstream:remotename)%00%(upstream:remoteref) refs/heads/main refs/remotes/main [1ms]
2023-11-07 16:55:10.358 [info] > git status -z -uall [6ms]
2023-11-07 16:55:15.376 [info] > git config --get commit.template [6ms]
2023-11-07 16:55:15.376 [info] > git for-each-ref --format=%(refname)%00%(upstream:short)%00%(objectname)%00%(upstream:track)%00%(upstream:remotename)%00%(upstream:remoteref) refs/heads/main refs/remotes/main [1ms]
2023-11-07 16:55:15.386 [info] > git status -z -uall [6ms]
2023-11-07 16:55:30.920 [info] > git config --get commit.template [5ms]
2023-11-07 16:55:30.921 [info] > git for-each-ref --format=%(refname)%00%(upstream:short)%00%(objectname)%00%(upstream:track)%00%(upstream:remotename)%00%(upstream:remoteref) refs/heads/main refs/remotes/main [1ms]
2023-11-07 16:55:30.931 [info] > git status -z -uall [6ms]
2023-11-07 17:08:06.605 [info] > git config --get commit.template [5ms]
2023-11-07 17:08:06.606 [info] > git for-each-ref --format=%(refname)%00%(upstream:short)%00%(objectname)%00%(upstream:track)%00%(upstream:remotename)%00%(upstream:remoteref) refs/heads/main refs/remotes/main [1ms]
2023-11-07 17:08:06.622 [info] > git status -z -uall [11ms]
2023-11-07 17:13:06.529 [info] > git config --get commit.template [6ms]
2023-11-07 17:13:06.529 [info] > git for-each-ref --format=%(refname)%00%(upstream:short)%00%(objectname)%00%(upstream:track)%00%(upstream:remotename)%00%(upstream:remoteref) refs/heads/main refs/remotes/main [1ms]
2023-11-07 17:13:06.545 [info] > git status -z -uall [11ms]
2023-11-07 17:13:27.587 [info] > git config --get commit.template [1ms]
2023-11-07 17:13:27.594 [info] > git for-each-ref --format=%(refname)%00%(upstream:short)%00%(objectname)%00%(upstream:track)%00%(upstream:remotename)%00%(upstream:remoteref) refs/heads/main refs/remotes/main [1ms]
2023-11-07 17:13:27.609 [info] > git status -z -uall [10ms]
2023-11-07 17:13:32.640 [info] > git config --get commit.template [6ms]
2023-11-07 17:13:32.641 [info] > git for-each-ref --format=%(refname)%00%(upstream:short)%00%(objectname)%00%(upstream:track)%00%(upstream:remotename)%00%(upstream:remoteref) refs/heads/main refs/remotes/main [2ms]
2023-11-07 17:13:32.655 [info] > git status -z -uall [10ms]
2023-11-07 17:13:37.686 [info] > git config --get commit.template [6ms]
2023-11-07 17:13:37.687 [info] > git for-each-ref --format=%(refname)%00%(upstream:short)%00%(objectname)%00%(upstream:track)%00%(upstream:remotename)%00%(upstream:remoteref) refs/heads/main refs/remotes/main [1ms]
2023-11-07 17:13:37.701 [info] > git status -z -uall [9ms]
2023-11-07 17:13:44.706 [info] > git config --get commit.template [6ms]
2023-11-07 17:13:44.706 [info] > git for-each-ref --format=%(refname)%00%(upstream:short)%00%(objectname)%00%(upstream:track)%00%(upstream:remotename)%00%(upstream:remoteref) refs/heads/main refs/remotes/main [1ms]
2023-11-07 17:13:44.721 [info] > git status -z -uall [10ms]
2023-11-07 17:13:49.748 [info] > git config --get commit.template [7ms]
2023-11-07 17:13:49.749 [info] > git for-each-ref --format=%(refname)%00%(upstream:short)%00%(objectname)%00%(upstream:track)%00%(upstream:remotename)%00%(upstream:remoteref) refs/heads/main refs/remotes/main [2ms]
2023-11-07 17:13:49.763 [info] > git status -z -uall [10ms]
2023-11-07 17:13:54.792 [info] > git config --get commit.template [6ms]
2023-11-07 17:13:54.792 [info] > git for-each-ref --format=%(refname)%00%(upstream:short)%00%(objectname)%00%(upstream:track)%00%(upstream:remotename)%00%(upstream:remoteref) refs/heads/main refs/remotes/main [1ms]
2023-11-07 17:13:54.807 [info] > git status -z -uall [9ms]
2023-11-07 17:13:59.839 [info] > git config --get commit.template [7ms]
2023-11-07 17:13:59.839 [info] > git for-each-ref --format=%(refname)%00%(upstream:short)%00%(objectname)%00%(upstream:track)%00%(upstream:remotename)%00%(upstream:remoteref) refs/heads/main refs/remotes/main [1ms]
2023-11-07 17:13:59.855 [info] > git status -z -uall [10ms]
2023-11-07 17:14:04.885 [info] > git config --get commit.template [6ms]
2023-11-07 17:14:04.885 [info] > git for-each-ref --format=%(refname)%00%(upstream:short)%00%(objectname)%00%(upstream:track)%00%(upstream:remotename)%00%(upstream:remoteref) refs/heads/main refs/remotes/main [1ms]
2023-11-07 17:14:04.901 [info] > git status -z -uall [10ms]
2023-11-07 17:14:09.938 [info] > git config --get commit.template [7ms]
2023-11-07 17:14:09.939 [info] > git for-each-ref --format=%(refname)%00%(upstream:short)%00%(objectname)%00%(upstream:track)%00%(upstream:remotename)%00%(upstream:remoteref) refs/heads/main refs/remotes/main [0ms]
2023-11-07 17:14:09.953 [info] > git status -z -uall [9ms]
2023-11-07 17:14:23.349 [info] > git config --get commit.template [6ms]
2023-11-07 17:14:23.350 [info] > git for-each-ref --format=%(refname)%00%(upstream:short)%00%(objectname)%00%(upstream:track)%00%(upstream:remotename)%00%(upstream:remoteref) refs/heads/main refs/remotes/main [1ms]
2023-11-07 17:14:23.365 [info] > git status -z -uall [9ms]
2023-11-07 17:14:28.392 [info] > git config --get commit.template [5ms]
2023-11-07 17:14:28.392 [info] > git for-each-ref --format=%(refname)%00%(upstream:short)%00%(objectname)%00%(upstream:track)%00%(upstream:remotename)%00%(upstream:remoteref) refs/heads/main refs/remotes/main [1ms]
2023-11-07 17:14:28.406 [info] > git status -z -uall [10ms]
2023-11-07 17:14:36.469 [info] > git config --get commit.template [6ms]
2023-11-07 17:14:36.470 [info] > git for-each-ref --format=%(refname)%00%(upstream:short)%00%(objectname)%00%(upstream:track)%00%(upstream:remotename)%00%(upstream:remoteref) refs/heads/main refs/remotes/main [1ms]
2023-11-07 17:14:36.485 [info] > git status -z -uall [9ms]
2023-11-07 17:14:41.513 [info] > git config --get commit.template [6ms]
2023-11-07 17:14:41.513 [info] > git for-each-ref --format=%(refname)%00%(upstream:short)%00%(objectname)%00%(upstream:track)%00%(upstream:remotename)%00%(upstream:remoteref) refs/heads/main refs/remotes/main [1ms]
2023-11-07 17:14:41.528 [info] > git status -z -uall [10ms]
2023-11-07 17:14:46.561 [info] > git config --get commit.template [7ms]
2023-11-07 17:14:46.561 [info] > git for-each-ref --format=%(refname)%00%(upstream:short)%00%(objectname)%00%(upstream:track)%00%(upstream:remotename)%00%(upstream:remoteref) refs/heads/main refs/remotes/main [1ms]
2023-11-07 17:14:46.577 [info] > git status -z -uall [9ms]
2023-11-07 17:14:51.616 [info] > git config --get commit.template [6ms]
2023-11-07 17:14:51.616 [info] > git for-each-ref --format=%(refname)%00%(upstream:short)%00%(objectname)%00%(upstream:track)%00%(upstream:remotename)%00%(upstream:remoteref) refs/heads/main refs/remotes/main [1ms]
2023-11-07 17:14:51.630 [info] > git status -z -uall [9ms]
2023-11-07 17:14:56.662 [info] > git config --get commit.template [5ms]
2023-11-07 17:14:56.662 [info] > git for-each-ref --format=%(refname)%00%(upstream:short)%00%(objectname)%00%(upstream:track)%00%(upstream:remotename)%00%(upstream:remoteref) refs/heads/main refs/remotes/main [1ms]
2023-11-07 17:14:56.678 [info] > git status -z -uall [11ms]
2023-11-07 17:15:01.705 [info] > git config --get commit.template [6ms]
2023-11-07 17:15:01.706 [info] > git for-each-ref --format=%(refname)%00%(upstream:short)%00%(objectname)%00%(upstream:track)%00%(upstream:remotename)%00%(upstream:remoteref) refs/heads/main refs/remotes/main [1ms]
2023-11-07 17:15:01.721 [info] > git status -z -uall [10ms]
2023-11-07 17:15:06.754 [info] > git config --get commit.template [6ms]
2023-11-07 17:15:06.754 [info] > git for-each-ref --format=%(refname)%00%(upstream:short)%00%(objectname)%00%(upstream:track)%00%(upstream:remotename)%00%(upstream:remoteref) refs/heads/main refs/remotes/main [1ms]
2023-11-07 17:15:06.768 [info] > git status -z -uall [9ms]
2023-11-07 17:15:11.792 [info] > git config --get commit.template [5ms]
2023-11-07 17:15:11.793 [info] > git for-each-ref --format=%(refname)%00%(upstream:short)%00%(objectname)%00%(upstream:track)%00%(upstream:remotename)%00%(upstream:remoteref) refs/heads/main refs/remotes/main [1ms]
2023-11-07 17:15:11.807 [info] > git status -z -uall [10ms]
2023-11-07 17:15:16.830 [info] > git config --get commit.template [1ms]
2023-11-07 17:15:16.835 [info] > git for-each-ref --format=%(refname)%00%(upstream:short)%00%(objectname)%00%(upstream:track)%00%(upstream:remotename)%00%(upstream:remoteref) refs/heads/main refs/remotes/main [0ms]
2023-11-07 17:15:16.849 [info] > git status -z -uall [10ms]
2023-11-07 17:15:21.875 [info] > git config --get commit.template [7ms]
2023-11-07 17:15:21.876 [info] > git for-each-ref --format=%(refname)%00%(upstream:short)%00%(objectname)%00%(upstream:track)%00%(upstream:remotename)%00%(upstream:remoteref) refs/heads/main refs/remotes/main [1ms]
2023-11-07 17:15:21.890 [info] > git status -z -uall [10ms]
2023-11-07 17:15:26.919 [info] > git config --get commit.template [6ms]
2023-11-07 17:15:26.919 [info] > git for-each-ref --format=%(refname)%00%(upstream:short)%00%(objectname)%00%(upstream:track)%00%(upstream:remotename)%00%(upstream:remoteref) refs/heads/main refs/remotes/main [1ms]
2023-11-07 17:15:26.934 [info] > git status -z -uall [9ms]
2023-11-07 17:15:31.966 [info] > git config --get commit.template [7ms]
2023-11-07 17:15:31.966 [info] > git for-each-ref --format=%(refname)%00%(upstream:short)%00%(objectname)%00%(upstream:track)%00%(upstream:remotename)%00%(upstream:remoteref) refs/heads/main refs/remotes/main [1ms]
2023-11-07 17:15:31.981 [info] > git status -z -uall [9ms]
2023-11-07 17:15:37.012 [info] > git config --get commit.template [6ms]
2023-11-07 17:15:37.012 [info] > git for-each-ref --format=%(refname)%00%(upstream:short)%00%(objectname)%00%(upstream:track)%00%(upstream:remotename)%00%(upstream:remoteref) refs/heads/main refs/remotes/main [1ms]
2023-11-07 17:15:37.028 [info] > git status -z -uall [10ms]
2023-11-07 17:15:42.068 [info] > git config --get commit.template [8ms]
2023-11-07 17:15:42.068 [info] > git for-each-ref --format=%(refname)%00%(upstream:short)%00%(objectname)%00%(upstream:track)%00%(upstream:remotename)%00%(upstream:remoteref) refs/heads/main refs/remotes/main [1ms]
2023-11-07 17:15:42.085 [info] > git status -z -uall [9ms]
2023-11-07 17:15:47.116 [info] > git config --get commit.template [6ms]
2023-11-07 17:15:47.117 [info] > git for-each-ref --format=%(refname)%00%(upstream:short)%00%(objectname)%00%(upstream:track)%00%(upstream:remotename)%00%(upstream:remoteref) refs/heads/main refs/remotes/main [1ms]
2023-11-07 17:15:47.132 [info] > git status -z -uall [10ms]
2023-11-07 17:15:52.169 [info] > git config --get commit.template [7ms]
2023-11-07 17:15:52.169 [info] > git for-each-ref --format=%(refname)%00%(upstream:short)%00%(objectname)%00%(upstream:track)%00%(upstream:remotename)%00%(upstream:remoteref) refs/heads/main refs/remotes/main [1ms]
2023-11-07 17:15:52.185 [info] > git status -z -uall [10ms]
2023-11-07 17:15:57.217 [info] > git config --get commit.template [7ms]
2023-11-07 17:15:57.217 [info] > git for-each-ref --format=%(refname)%00%(upstream:short)%00%(objectname)%00%(upstream:track)%00%(upstream:remotename)%00%(upstream:remoteref) refs/heads/main refs/remotes/main [1ms]
2023-11-07 17:15:57.234 [info] > git status -z -uall [11ms]
2023-11-07 17:16:02.269 [info] > git config --get commit.template [6ms]
2023-11-07 17:16:02.269 [info] > git for-each-ref --format=%(refname)%00%(upstream:short)%00%(objectname)%00%(upstream:track)%00%(upstream:remotename)%00%(upstream:remoteref) refs/heads/main refs/remotes/main [1ms]
2023-11-07 17:16:02.284 [info] > git status -z -uall [10ms]
2023-11-07 17:16:07.311 [info] > git config --get commit.template [6ms]
2023-11-07 17:16:07.312 [info] > git for-each-ref --format=%(refname)%00%(upstream:short)%00%(objectname)%00%(upstream:track)%00%(upstream:remotename)%00%(upstream:remoteref) refs/heads/main refs/remotes/main [1ms]
2023-11-07 17:16:07.327 [info] > git status -z -uall [10ms]
2023-11-07 17:16:12.354 [info] > git config --get commit.template [6ms]
2023-11-07 17:16:12.355 [info] > git for-each-ref --format=%(refname)%00%(upstream:short)%00%(objectname)%00%(upstream:track)%00%(upstream:remotename)%00%(upstream:remoteref) refs/heads/main refs/remotes/main [1ms]
2023-11-07 17:16:12.371 [info] > git status -z -uall [10ms]
