2023-11-06 10:48:17.697 [info] Log level: Info
2023-11-06 10:48:17.697 [info] Validating found git in: "git"
2023-11-06 10:48:17.697 [info] Using git "2.42.1" from "git"
2023-11-06 10:48:17.697 [info] > git rev-parse --show-toplevel [2ms]
2023-11-06 10:48:17.697 [info] fatal: not a git repository (or any of the parent directories): .git
2023-11-06 10:48:17.697 [info] > git rev-parse --show-toplevel [2ms]
2023-11-06 10:48:17.697 [info] fatal: not a git repository (or any of the parent directories): .git
2023-11-06 10:48:17.697 [info] > git rev-parse --show-toplevel [2ms]
2023-11-06 10:48:17.697 [info] fatal: not a git repository (or any of the parent directories): .git
2023-11-06 10:48:17.717 [info] > git rev-parse --show-toplevel [14ms]
2023-11-06 10:48:17.717 [info] fatal: not a git repository (or any of the parent directories): .git
2023-11-06 10:48:17.727 [info] > git rev-parse --show-toplevel [2ms]
2023-11-06 10:48:17.727 [info] fatal: not a git repository (or any of the parent directories): .git
2023-11-06 10:48:17.734 [info] > git rev-parse --show-toplevel [2ms]
2023-11-06 10:48:17.734 [info] fatal: not a git repository (or any of the parent directories): .git
2023-11-06 10:48:17.740 [info] > git rev-parse --show-toplevel [2ms]
2023-11-06 10:48:17.740 [info] fatal: not a git repository (or any of the parent directories): .git
2023-11-06 10:48:17.746 [info] > git rev-parse --show-toplevel [1ms]
2023-11-06 10:48:17.746 [info] fatal: not a git repository (or any of the parent directories): .git
2023-11-06 10:48:17.752 [info] > git rev-parse --show-toplevel [1ms]
2023-11-06 10:48:17.752 [info] fatal: not a git repository (or any of the parent directories): .git
