2023-11-07 18:36:38.632 [info] Log level: Info
2023-11-07 18:36:38.632 [info] Validating found git in: "git"
2023-11-07 18:36:38.632 [info] Using git "2.42.1" from "git"
2023-11-07 18:36:38.632 [info] > git rev-parse --show-toplevel [1ms]
2023-11-07 18:36:38.632 [info] > git rev-parse --git-dir --git-common-dir [2ms]
2023-11-07 18:36:38.632 [info] Open repository: /home/bocchi/.config
2023-11-07 18:36:38.675 [info] > git rev-parse --show-toplevel [33ms]
2023-11-07 18:36:38.676 [info] > git config --get commit.template [39ms]
2023-11-07 18:36:38.701 [info] > git rev-parse --show-toplevel [7ms]
2023-11-07 18:36:38.707 [info] > git for-each-ref --format=%(refname)%00%(upstream:short)%00%(objectname)%00%(upstream:track)%00%(upstream:remotename)%00%(upstream:remoteref) refs/heads/main refs/remotes/main [7ms]
2023-11-07 18:36:38.713 [info] > git rev-parse --show-toplevel [7ms]
2023-11-07 18:36:38.719 [info] > git rev-parse --show-toplevel [1ms]
2023-11-07 18:36:38.726 [info] > git status -z -uall [15ms]
2023-11-07 18:36:38.726 [info] > git rev-parse --show-toplevel [3ms]
2023-11-07 18:36:38.776 [info] > git rev-parse --show-toplevel [5ms]
2023-11-07 18:36:38.786 [info] > git config --get commit.template [10ms]
2023-11-07 18:36:38.791 [info] > git rev-parse --show-toplevel [6ms]
2023-11-07 18:36:38.829 [info] > git rev-parse --show-toplevel [33ms]
2023-11-07 18:36:38.829 [info] > git for-each-ref --format=%(refname)%00%(upstream:short)%00%(objectname)%00%(upstream:track)%00%(upstream:remotename)%00%(upstream:remoteref) refs/heads/main refs/remotes/main [38ms]
2023-11-07 18:36:38.975 [info] > git status -z -uall [140ms]
2023-11-07 18:36:38.975 [info] > git rev-parse --show-toplevel [135ms]
2023-11-07 18:36:39.008 [info] > git rev-parse --show-toplevel [7ms]
2023-11-07 18:36:39.016 [info] > git rev-parse --show-toplevel [1ms]
2023-11-07 18:36:39.022 [info] > git rev-parse --show-toplevel [1ms]
2023-11-07 18:36:39.032 [info] > git show --textconv :qtile/config.py [5ms]
2023-11-07 18:36:39.033 [info] > git ls-files --stage -- /home/bocchi/.config/qtile/config.py [1ms]
2023-11-07 18:36:39.038 [info] > git cat-file -s 9378109754638741155744896dfd03a09408e855 [1ms]
2023-11-07 18:36:39.215 [info] > git check-ignore -v -z --stdin [2ms]
2023-11-07 18:36:40.959 [info] > git config --get commit.template [6ms]
2023-11-07 18:36:40.959 [info] > git for-each-ref --format=%(refname)%00%(upstream:short)%00%(objectname)%00%(upstream:track)%00%(upstream:remotename)%00%(upstream:remoteref) refs/heads/main refs/remotes/main [1ms]
2023-11-07 18:36:40.974 [info] > git status -z -uall [10ms]
2023-11-07 18:36:46.016 [info] > git config --get commit.template [7ms]
2023-11-07 18:36:46.016 [info] > git for-each-ref --format=%(refname)%00%(upstream:short)%00%(objectname)%00%(upstream:track)%00%(upstream:remotename)%00%(upstream:remoteref) refs/heads/main refs/remotes/main [1ms]
2023-11-07 18:36:46.032 [info] > git status -z -uall [10ms]
2023-11-07 18:36:51.068 [info] > git config --get commit.template [6ms]
2023-11-07 18:36:51.068 [info] > git for-each-ref --format=%(refname)%00%(upstream:short)%00%(objectname)%00%(upstream:track)%00%(upstream:remotename)%00%(upstream:remoteref) refs/heads/main refs/remotes/main [1ms]
2023-11-07 18:36:51.085 [info] > git status -z -uall [11ms]
2023-11-07 18:36:56.126 [info] > git config --get commit.template [6ms]
2023-11-07 18:36:56.126 [info] > git for-each-ref --format=%(refname)%00%(upstream:short)%00%(objectname)%00%(upstream:track)%00%(upstream:remotename)%00%(upstream:remoteref) refs/heads/main refs/remotes/main [0ms]
2023-11-07 18:36:56.143 [info] > git status -z -uall [10ms]
2023-11-07 18:37:01.174 [info] > git config --get commit.template [1ms]
2023-11-07 18:37:01.181 [info] > git for-each-ref --format=%(refname)%00%(upstream:short)%00%(objectname)%00%(upstream:track)%00%(upstream:remotename)%00%(upstream:remoteref) refs/heads/main refs/remotes/main [0ms]
2023-11-07 18:37:01.196 [info] > git status -z -uall [10ms]
2023-11-07 18:37:06.233 [info] > git config --get commit.template [7ms]
2023-11-07 18:37:06.233 [info] > git for-each-ref --format=%(refname)%00%(upstream:short)%00%(objectname)%00%(upstream:track)%00%(upstream:remotename)%00%(upstream:remoteref) refs/heads/main refs/remotes/main [1ms]
2023-11-07 18:37:06.250 [info] > git status -z -uall [10ms]
2023-11-07 18:37:11.288 [info] > git config --get commit.template [6ms]
2023-11-07 18:37:11.288 [info] > git for-each-ref --format=%(refname)%00%(upstream:short)%00%(objectname)%00%(upstream:track)%00%(upstream:remotename)%00%(upstream:remoteref) refs/heads/main refs/remotes/main [1ms]
2023-11-07 18:37:11.303 [info] > git status -z -uall [10ms]
2023-11-07 18:37:26.522 [info] > git config --get commit.template [1ms]
2023-11-07 18:37:26.532 [info] > git for-each-ref --format=%(refname)%00%(upstream:short)%00%(objectname)%00%(upstream:track)%00%(upstream:remotename)%00%(upstream:remoteref) refs/heads/main refs/remotes/main [1ms]
2023-11-07 18:37:26.548 [info] > git status -z -uall [11ms]
