2023-11-07 18:32:21.834 [info] Log level: Info
2023-11-07 18:32:21.834 [info] Validating found git in: "git"
2023-11-07 18:32:21.834 [info] Using git "2.42.1" from "git"
2023-11-07 18:32:21.834 [info] > git rev-parse --show-toplevel [3ms]
2023-11-07 18:32:21.834 [info] > git rev-parse --git-dir --git-common-dir [4ms]
2023-11-07 18:32:21.834 [info] Open repository: /home/bocchi/.config
2023-11-07 18:32:21.835 [info] > git rev-parse --show-toplevel [1ms]
2023-11-07 18:32:21.835 [info] > git config --get commit.template [6ms]
2023-11-07 18:32:21.848 [info] > git rev-parse --show-toplevel [7ms]
2023-11-07 18:32:21.848 [info] > git for-each-ref --format=%(refname)%00%(upstream:short)%00%(objectname)%00%(upstream:track)%00%(upstream:remotename)%00%(upstream:remoteref) refs/heads/main refs/remotes/main [2ms]
2023-11-07 18:32:21.862 [info] > git rev-parse --show-toplevel [3ms]
2023-11-07 18:32:21.869 [info] > git status -z -uall [16ms]
2023-11-07 18:32:21.906 [info] > git rev-parse --show-toplevel [39ms]
2023-11-07 18:32:22.029 [info] > git config --get commit.template [123ms]
2023-11-07 18:32:22.034 [info] > git rev-parse --show-toplevel [6ms]
2023-11-07 18:32:22.048 [info] > git rev-parse --show-toplevel [2ms]
2023-11-07 18:32:22.048 [info] > git for-each-ref --format=%(refname)%00%(upstream:short)%00%(objectname)%00%(upstream:track)%00%(upstream:remotename)%00%(upstream:remoteref) refs/heads/main refs/remotes/main [8ms]
2023-11-07 18:32:22.088 [info] > git status -z -uall [35ms]
2023-11-07 18:32:22.108 [info] > git rev-parse --show-toplevel [21ms]
2023-11-07 18:32:22.116 [info] > git rev-parse --show-toplevel [2ms]
2023-11-07 18:32:22.122 [info] > git rev-parse --show-toplevel [1ms]
2023-11-07 18:32:22.129 [info] > git rev-parse --show-toplevel [1ms]
2023-11-07 18:32:22.135 [info] > git rev-parse --show-toplevel [1ms]
2023-11-07 18:32:22.141 [info] > git rev-parse --show-toplevel [1ms]
2023-11-07 18:32:22.368 [info] > git show --textconv :qtile/config.py [11ms]
2023-11-07 18:32:22.368 [info] > git check-ignore -v -z --stdin [1ms]
2023-11-07 18:32:22.369 [info] > git ls-files --stage -- /home/bocchi/.config/qtile/config.py [7ms]
2023-11-07 18:32:22.374 [info] > git cat-file -s 9378109754638741155744896dfd03a09408e855 [1ms]
2023-11-07 18:32:24.036 [info] > git config --get commit.template [6ms]
2023-11-07 18:32:24.036 [info] > git for-each-ref --format=%(refname)%00%(upstream:short)%00%(objectname)%00%(upstream:track)%00%(upstream:remotename)%00%(upstream:remoteref) refs/heads/main refs/remotes/main [1ms]
2023-11-07 18:32:24.052 [info] > git status -z -uall [11ms]
2023-11-07 18:32:29.094 [info] > git config --get commit.template [5ms]
2023-11-07 18:32:29.095 [info] > git for-each-ref --format=%(refname)%00%(upstream:short)%00%(objectname)%00%(upstream:track)%00%(upstream:remotename)%00%(upstream:remoteref) refs/heads/main refs/remotes/main [1ms]
2023-11-07 18:32:29.110 [info] > git status -z -uall [10ms]
2023-11-07 18:32:35.295 [info] > git config --get commit.template [6ms]
2023-11-07 18:32:35.295 [info] > git for-each-ref --format=%(refname)%00%(upstream:short)%00%(objectname)%00%(upstream:track)%00%(upstream:remotename)%00%(upstream:remoteref) refs/heads/main refs/remotes/main [1ms]
2023-11-07 18:32:35.311 [info] > git status -z -uall [11ms]
2023-11-07 18:32:41.623 [info] > git config --get commit.template [7ms]
2023-11-07 18:32:41.623 [info] > git for-each-ref --format=%(refname)%00%(upstream:short)%00%(objectname)%00%(upstream:track)%00%(upstream:remotename)%00%(upstream:remoteref) refs/heads/main refs/remotes/main [1ms]
2023-11-07 18:32:41.639 [info] > git status -z -uall [10ms]
