2023-11-07 18:01:42.377 [info] Extension host with pid 1991 started
2023-11-07 18:01:42.377 [info] Skipping acquiring lock for /home/bocchi/.config/Code - OSS/User/workspaceStorage/390f2c33e7a0557a7b0b683f13cb25ee.
2023-11-07 18:01:42.384 [info] ExtensionService#_doActivateExtension vscode.emmet, startup: false, activationEvent: 'onLanguage'
2023-11-07 18:01:42.413 [info] ExtensionService#_doActivateExtension vscode.git-base, startup: true, activationEvent: '*', root cause: vscode.git
2023-11-07 18:01:42.418 [info] ExtensionService#_doActivateExtension vscode.git, startup: true, activationEvent: '*'
2023-11-07 18:01:42.477 [info] ExtensionService#_doActivateExtension vscode.github, startup: true, activationEvent: '*'
2023-11-07 18:01:42.543 [info] Eager extensions activated
2023-11-07 18:01:42.571 [info] ExtensionService#_doActivateExtension vscode.debug-auto-launch, startup: false, activationEvent: 'onStartupFinished'
2023-11-07 18:01:42.573 [info] ExtensionService#_doActivateExtension vscode.merge-conflict, startup: false, activationEvent: 'onStartupFinished'
2023-11-07 18:01:42.593 [info] ExtensionService#_doActivateExtension unthrottled.doki-theme, startup: false, activationEvent: 'onStartupFinished'
2023-11-07 18:01:42.718 [warning] [Decorations] CAPPING events from decorations provider vscode.git 1958
2023-11-07 18:01:42.744 [info] ExtensionService#_doActivateExtension vscode.github-authentication, startup: false, activationEvent: 'onAuthenticationRequest:github'
2023-11-07 18:01:42.809 [warning] [Decorations] CAPPING events from decorations provider vscode.git 1958
2023-11-07 18:01:47.336 [warning] [Decorations] CAPPING events from decorations provider vscode.git 1959
2023-11-07 18:02:26.581 [warning] [Decorations] CAPPING events from decorations provider vscode.git 1991
2023-11-07 18:02:39.247 [warning] [Decorations] CAPPING events from decorations provider vscode.git 1991
2023-11-07 18:03:07.368 [warning] [Decorations] CAPPING events from decorations provider vscode.git 1991
2023-11-07 18:03:29.224 [warning] [Decorations] CAPPING events from decorations provider vscode.git 1991
2023-11-07 18:03:44.751 [warning] [Decorations] CAPPING events from decorations provider vscode.git 1991
2023-11-07 18:04:15.008 [warning] [Decorations] CAPPING events from decorations provider vscode.git 2025
2023-11-07 18:04:33.889 [warning] [Decorations] CAPPING events from decorations provider vscode.git 2040
2023-11-07 18:04:38.945 [warning] [Decorations] CAPPING events from decorations provider vscode.git 2040
2023-11-07 18:04:43.989 [warning] [Decorations] CAPPING events from decorations provider vscode.git 2040
2023-11-07 18:04:50.169 [warning] [Decorations] CAPPING events from decorations provider vscode.git 2040
2023-11-07 18:07:39.011 [warning] [Decorations] CAPPING events from decorations provider vscode.git 2057
2023-11-07 18:07:49.172 [warning] [Decorations] CAPPING events from decorations provider vscode.git 2057
2023-11-07 18:08:47.691 [warning] [Decorations] CAPPING events from decorations provider vscode.git 2057
2023-11-07 18:09:25.687 [warning] [Decorations] CAPPING events from decorations provider vscode.git 2058
2023-11-07 18:10:13.488 [warning] [Decorations] CAPPING events from decorations provider vscode.git 2062
2023-11-07 18:10:44.900 [warning] [Decorations] CAPPING events from decorations provider vscode.git 2061
2023-11-07 18:10:55.872 [warning] [Decorations] CAPPING events from decorations provider vscode.git 2061
2023-11-07 18:11:12.199 [warning] [Decorations] CAPPING events from decorations provider vscode.git 2078
2023-11-07 18:11:20.877 [warning] [Decorations] CAPPING events from decorations provider vscode.git 2078
2023-11-07 18:11:27.422 [warning] [Decorations] CAPPING events from decorations provider vscode.git 2078
2023-11-07 18:11:37.610 [warning] [Decorations] CAPPING events from decorations provider vscode.git 2078
2023-11-07 18:11:42.665 [warning] [Decorations] CAPPING events from decorations provider vscode.git 2078
2023-11-07 18:11:48.537 [warning] [Decorations] CAPPING events from decorations provider vscode.git 2078
2023-11-07 18:11:53.584 [warning] [Decorations] CAPPING events from decorations provider vscode.git 2078
2023-11-07 18:12:48.603 [warning] [Decorations] CAPPING events from decorations provider vscode.git 2093
2023-11-07 18:12:54.525 [warning] [Decorations] CAPPING events from decorations provider vscode.git 2092
2023-11-07 18:13:42.313 [warning] [Decorations] CAPPING events from decorations provider vscode.git 2103
2023-11-07 18:14:11.787 [warning] [Decorations] CAPPING events from decorations provider vscode.git 2103
2023-11-07 18:14:20.570 [warning] [Decorations] CAPPING events from decorations provider vscode.git 2104
2023-11-07 18:14:28.918 [warning] [Decorations] CAPPING events from decorations provider vscode.git 2104
2023-11-07 18:14:39.752 [warning] [Decorations] CAPPING events from decorations provider vscode.git 2104
2023-11-07 18:14:44.796 [warning] [Decorations] CAPPING events from decorations provider vscode.git 2104
2023-11-07 18:14:49.839 [warning] [Decorations] CAPPING events from decorations provider vscode.git 2104
2023-11-07 18:14:54.886 [warning] [Decorations] CAPPING events from decorations provider vscode.git 2106
2023-11-07 18:14:59.933 [warning] [Decorations] CAPPING events from decorations provider vscode.git 2106
2023-11-07 18:15:04.986 [warning] [Decorations] CAPPING events from decorations provider vscode.git 2106
2023-11-07 18:15:10.033 [warning] [Decorations] CAPPING events from decorations provider vscode.git 2107
2023-11-07 18:15:37.862 [warning] [Decorations] CAPPING events from decorations provider vscode.git 2107
2023-11-07 18:15:52.904 [warning] [Decorations] CAPPING events from decorations provider vscode.git 2107
2023-11-07 18:16:03.922 [warning] [Decorations] CAPPING events from decorations provider vscode.git 2107
2023-11-07 18:17:47.665 [warning] [Decorations] CAPPING events from decorations provider vscode.git 2107
2023-11-07 18:17:52.718 [warning] [Decorations] CAPPING events from decorations provider vscode.git 2108
2023-11-07 18:18:44.692 [warning] [Decorations] CAPPING events from decorations provider vscode.git 2108
2023-11-07 18:18:49.746 [warning] [Decorations] CAPPING events from decorations provider vscode.git 2108
2023-11-07 18:18:59.082 [warning] [Decorations] CAPPING events from decorations provider vscode.git 2108
2023-11-07 18:19:04.132 [warning] [Decorations] CAPPING events from decorations provider vscode.git 2108
2023-11-07 18:19:09.180 [warning] [Decorations] CAPPING events from decorations provider vscode.git 2108
2023-11-07 18:19:14.221 [warning] [Decorations] CAPPING events from decorations provider vscode.git 2107
2023-11-07 18:19:23.036 [warning] [Decorations] CAPPING events from decorations provider vscode.git 2109
2023-11-07 18:19:28.086 [warning] [Decorations] CAPPING events from decorations provider vscode.git 2109
2023-11-07 18:19:33.127 [warning] [Decorations] CAPPING events from decorations provider vscode.git 2109
2023-11-07 18:19:38.176 [warning] [Decorations] CAPPING events from decorations provider vscode.git 2108
2023-11-07 18:19:43.228 [warning] [Decorations] CAPPING events from decorations provider vscode.git 2108
2023-11-07 18:19:49.198 [warning] [Decorations] CAPPING events from decorations provider vscode.git 2108
2023-11-07 18:19:54.250 [warning] [Decorations] CAPPING events from decorations provider vscode.git 2108
2023-11-07 18:19:59.305 [warning] [Decorations] CAPPING events from decorations provider vscode.git 2108
2023-11-07 18:20:04.354 [warning] [Decorations] CAPPING events from decorations provider vscode.git 2108
2023-11-07 18:21:48.096 [warning] [Decorations] CAPPING events from decorations provider vscode.git 2108
2023-11-07 18:22:31.011 [warning] [Decorations] CAPPING events from decorations provider vscode.git 2108
2023-11-07 18:22:57.665 [warning] [Decorations] CAPPING events from decorations provider vscode.git 2108
2023-11-07 18:23:12.901 [warning] [Decorations] CAPPING events from decorations provider vscode.git 2108
2023-11-07 18:23:39.857 [warning] [Decorations] CAPPING events from decorations provider vscode.git 2108
2023-11-07 18:23:50.207 [warning] [Decorations] CAPPING events from decorations provider vscode.git 2108
2023-11-07 18:23:55.262 [warning] [Decorations] CAPPING events from decorations provider vscode.git 2108
2023-11-07 18:24:02.348 [warning] [Decorations] CAPPING events from decorations provider vscode.git 2108
2023-11-07 18:24:13.287 [info] Extension host terminating: renderer closed the MessagePort
2023-11-07 18:24:13.295 [error] Canceled: Canceled
	at new f (/usr/lib/code/out/vs/workbench/api/node/extensionHostProcess.js:125:108614)
	at n.U (/usr/lib/code/out/vs/workbench/api/node/extensionHostProcess.js:134:10873)
	at F.<computed>.z.charCodeAt.F.<computed> (/usr/lib/code/out/vs/workbench/api/node/extensionHostProcess.js:134:8315)
	at i.g (/usr/lib/code/out/vs/workbench/api/node/extensionHostProcess.js:125:139130)
	at i.executeCommand (/usr/lib/code/out/vs/workbench/api/node/extensionHostProcess.js:125:138568)
	at $.registerCommand.description (/usr/lib/code/out/vs/workbench/api/node/extensionHostProcess.js:125:137892)
	at i.h (/usr/lib/code/out/vs/workbench/api/node/extensionHostProcess.js:125:139669)
	at i.g (/usr/lib/code/out/vs/workbench/api/node/extensionHostProcess.js:125:138661)
	at i.executeCommand (/usr/lib/code/out/vs/workbench/api/node/extensionHostProcess.js:125:138568)
	at Object.executeCommand (/usr/lib/code/out/vs/workbench/api/node/extensionHostProcess.js:140:21329)
	at h.D [as value] (/usr/lib/code/extensions/git/dist/main.js:2:1316925)
	at c.y (/usr/lib/code/out/vs/workbench/api/node/extensionHostProcess.js:80:1902)
	at c.z (/usr/lib/code/out/vs/workbench/api/node/extensionHostProcess.js:80:1972)
	at c.fire (/usr/lib/code/out/vs/workbench/api/node/extensionHostProcess.js:80:2188)
	at Object.m [as dispose] (/usr/lib/code/extensions/git/dist/main.js:2:1332842)
	at /usr/lib/code/extensions/git/dist/main.js:2:1337795
	at Array.forEach (<anonymous>)
	at g.dispose (/usr/lib/code/extensions/git/dist/main.js:2:1337781)
	at v.<anonymous> (/usr/lib/code/out/vs/workbench/api/node/extensionHostProcess.js:121:3572)
	at v.dispose (/usr/lib/code/out/vs/workbench/api/node/extensionHostProcess.js:121:3669)
	at v.<anonymous> (/usr/lib/code/extensions/git/dist/main.js:2:1318937)
	at v.dispose (/usr/lib/code/out/vs/workbench/api/node/extensionHostProcess.js:121:3669)
	at o (/usr/lib/code/out/vs/workbench/api/node/extensionHostProcess.js:30:754)
	at h.cb (/usr/lib/code/out/vs/workbench/api/node/extensionHostProcess.js:136:9843)
	at /usr/lib/code/out/vs/workbench/api/node/extensionHostProcess.js:136:7793
	at Array.map (<anonymous>)
	at h.Y (/usr/lib/code/out/vs/workbench/api/node/extensionHostProcess.js:136:7781)
	at h.terminate (/usr/lib/code/out/vs/workbench/api/node/extensionHostProcess.js:136:8051)
	at o.terminate (/usr/lib/code/out/vs/workbench/api/node/extensionHostProcess.js:140:1513)
	at a (/usr/lib/code/out/vs/workbench/api/node/extensionHostProcess.js:153:9817)
	at MessagePortMain.<anonymous> (/usr/lib/code/out/vs/workbench/api/node/extensionHostProcess.js:153:6242)
	at MessagePortMain.emit (node:events:513:28)
	at MessagePortMain._internalPort.emit (node:electron/js2c/utility_init:2:367) setContext undefined
2023-11-07 18:24:13.296 [error] Canceled: Canceled
	at new f (/usr/lib/code/out/vs/workbench/api/node/extensionHostProcess.js:125:108614)
	at n.U (/usr/lib/code/out/vs/workbench/api/node/extensionHostProcess.js:134:10873)
	at F.<computed>.z.charCodeAt.F.<computed> (/usr/lib/code/out/vs/workbench/api/node/extensionHostProcess.js:134:8315)
	at i.g (/usr/lib/code/out/vs/workbench/api/node/extensionHostProcess.js:125:139130)
	at i.executeCommand (/usr/lib/code/out/vs/workbench/api/node/extensionHostProcess.js:125:138568)
	at $.registerCommand.description (/usr/lib/code/out/vs/workbench/api/node/extensionHostProcess.js:125:137892)
	at i.h (/usr/lib/code/out/vs/workbench/api/node/extensionHostProcess.js:125:139669)
	at i.g (/usr/lib/code/out/vs/workbench/api/node/extensionHostProcess.js:125:138661)
	at i.executeCommand (/usr/lib/code/out/vs/workbench/api/node/extensionHostProcess.js:125:138568)
	at Object.executeCommand (/usr/lib/code/out/vs/workbench/api/node/extensionHostProcess.js:140:21329)
	at set b [as b] (/usr/lib/code/extensions/github/dist/extension.js:2:714708)
	at /usr/lib/code/extensions/github/dist/extension.js:2:715349
	at h.value (/usr/lib/code/extensions/git/dist/main.js:2:1408111)
	at c.y (/usr/lib/code/out/vs/workbench/api/node/extensionHostProcess.js:80:1902)
	at c.z (/usr/lib/code/out/vs/workbench/api/node/extensionHostProcess.js:80:1972)
	at c.fire (/usr/lib/code/out/vs/workbench/api/node/extensionHostProcess.js:80:2188)
	at Object.m [as dispose] (/usr/lib/code/extensions/git/dist/main.js:2:1332842)
	at /usr/lib/code/extensions/git/dist/main.js:2:1337795
	at Array.forEach (<anonymous>)
	at g.dispose (/usr/lib/code/extensions/git/dist/main.js:2:1337781)
	at v.<anonymous> (/usr/lib/code/out/vs/workbench/api/node/extensionHostProcess.js:121:3572)
	at v.dispose (/usr/lib/code/out/vs/workbench/api/node/extensionHostProcess.js:121:3669)
	at v.<anonymous> (/usr/lib/code/extensions/git/dist/main.js:2:1318937)
	at v.dispose (/usr/lib/code/out/vs/workbench/api/node/extensionHostProcess.js:121:3669)
	at o (/usr/lib/code/out/vs/workbench/api/node/extensionHostProcess.js:30:754)
	at h.cb (/usr/lib/code/out/vs/workbench/api/node/extensionHostProcess.js:136:9843)
	at /usr/lib/code/out/vs/workbench/api/node/extensionHostProcess.js:136:7793
	at Array.map (<anonymous>)
	at h.Y (/usr/lib/code/out/vs/workbench/api/node/extensionHostProcess.js:136:7781)
	at h.terminate (/usr/lib/code/out/vs/workbench/api/node/extensionHostProcess.js:136:8051)
	at o.terminate (/usr/lib/code/out/vs/workbench/api/node/extensionHostProcess.js:140:1513)
	at a (/usr/lib/code/out/vs/workbench/api/node/extensionHostProcess.js:153:9817)
	at MessagePortMain.<anonymous> (/usr/lib/code/out/vs/workbench/api/node/extensionHostProcess.js:153:6242)
	at MessagePortMain.emit (node:events:513:28)
	at MessagePortMain._internalPort.emit (node:electron/js2c/utility_init:2:367) setContext undefined
2023-11-07 18:24:13.296 [info] Extension host with pid 1991 exiting with code 0
