2023-11-07 18:01:42.523 [info] Log level: Info
2023-11-07 18:01:42.523 [info] Validating found git in: "git"
2023-11-07 18:01:42.541 [info] Using git "2.42.1" from "git"
2023-11-07 18:01:42.554 [info] > git rev-parse --show-toplevel [3ms]
2023-11-07 18:01:42.560 [info] > git rev-parse --git-dir --git-common-dir [0ms]
2023-11-07 18:01:42.569 [info] Open repository: /home/bocchi/.config
2023-11-07 18:01:42.626 [info] > git rev-parse --show-toplevel [8ms]
2023-11-07 18:01:42.626 [info] > git config --get commit.template [13ms]
2023-11-07 18:01:42.657 [info] > git rev-parse --show-toplevel [6ms]
2023-11-07 18:01:42.665 [info] > git rev-parse --show-toplevel [2ms]
2023-11-07 18:01:42.665 [info] > git for-each-ref --format=%(refname)%00%(upstream:short)%00%(objectname)%00%(upstream:track)%00%(upstream:remotename)%00%(upstream:remoteref) refs/heads/main refs/remotes/main [8ms]
2023-11-07 18:01:42.677 [info] > git rev-parse --show-toplevel [2ms]
2023-11-07 18:01:42.682 [info] > git rev-parse --show-toplevel [1ms]
2023-11-07 18:01:42.687 [info] > git rev-parse --show-toplevel [1ms]
2023-11-07 18:01:42.692 [info] > git rev-parse --show-toplevel [0ms]
2023-11-07 18:01:42.697 [info] > git status -z -uall [27ms]
2023-11-07 18:01:42.697 [info] > git rev-parse --show-toplevel [2ms]
2023-11-07 18:01:42.733 [info] > git config --get commit.template [1ms]
2023-11-07 18:01:42.734 [info] > git rev-parse --show-toplevel [6ms]
2023-11-07 18:01:42.776 [info] > git for-each-ref --format=%(refname)%00%(upstream:short)%00%(objectname)%00%(upstream:track)%00%(upstream:remotename)%00%(upstream:remoteref) refs/heads/main refs/remotes/main [32ms]
2023-11-07 18:01:42.781 [info] > git rev-parse --show-toplevel [41ms]
2023-11-07 18:01:42.788 [info] > git rev-parse --show-toplevel [3ms]
2023-11-07 18:01:42.794 [info] > git status -z -uall [13ms]
2023-11-07 18:01:42.812 [info] > git rev-parse --show-toplevel [20ms]
2023-11-07 18:01:43.030 [info] > git show --textconv :qtile/config.py [8ms]
2023-11-07 18:01:43.032 [info] > git ls-files --stage -- /home/bocchi/.config/qtile/config.py [2ms]
2023-11-07 18:01:43.039 [info] > git cat-file -s 9378109754638741155744896dfd03a09408e855 [1ms]
2023-11-07 18:01:43.127 [info] > git check-ignore -v -z --stdin [1ms]
2023-11-07 18:01:47.307 [info] > git config --get commit.template [6ms]
2023-11-07 18:01:47.308 [info] > git for-each-ref --format=%(refname)%00%(upstream:short)%00%(objectname)%00%(upstream:track)%00%(upstream:remotename)%00%(upstream:remoteref) refs/heads/main refs/remotes/main [2ms]
2023-11-07 18:01:47.322 [info] > git status -z -uall [10ms]
2023-11-07 18:02:26.550 [info] > git config --get commit.template [7ms]
2023-11-07 18:02:26.550 [info] > git for-each-ref --format=%(refname)%00%(upstream:short)%00%(objectname)%00%(upstream:track)%00%(upstream:remotename)%00%(upstream:remoteref) refs/heads/main refs/remotes/main [1ms]
2023-11-07 18:02:26.566 [info] > git status -z -uall [11ms]
2023-11-07 18:02:39.218 [info] > git config --get commit.template [6ms]
2023-11-07 18:02:39.218 [info] > git for-each-ref --format=%(refname)%00%(upstream:short)%00%(objectname)%00%(upstream:track)%00%(upstream:remotename)%00%(upstream:remoteref) refs/heads/main refs/remotes/main [1ms]
2023-11-07 18:02:39.233 [info] > git status -z -uall [11ms]
2023-11-07 18:03:07.337 [info] > git config --get commit.template [7ms]
2023-11-07 18:03:07.338 [info] > git for-each-ref --format=%(refname)%00%(upstream:short)%00%(objectname)%00%(upstream:track)%00%(upstream:remotename)%00%(upstream:remoteref) refs/heads/main refs/remotes/main [1ms]
2023-11-07 18:03:07.353 [info] > git status -z -uall [11ms]
2023-11-07 18:03:29.193 [info] > git config --get commit.template [6ms]
2023-11-07 18:03:29.194 [info] > git for-each-ref --format=%(refname)%00%(upstream:short)%00%(objectname)%00%(upstream:track)%00%(upstream:remotename)%00%(upstream:remoteref) refs/heads/main refs/remotes/main [2ms]
2023-11-07 18:03:29.209 [info] > git status -z -uall [9ms]
2023-11-07 18:03:44.718 [info] > git config --get commit.template [7ms]
2023-11-07 18:03:44.719 [info] > git for-each-ref --format=%(refname)%00%(upstream:short)%00%(objectname)%00%(upstream:track)%00%(upstream:remotename)%00%(upstream:remoteref) refs/heads/main refs/remotes/main [1ms]
2023-11-07 18:03:44.735 [info] > git status -z -uall [10ms]
2023-11-07 18:04:14.978 [info] > git config --get commit.template [5ms]
2023-11-07 18:04:14.979 [info] > git for-each-ref --format=%(refname)%00%(upstream:short)%00%(objectname)%00%(upstream:track)%00%(upstream:remotename)%00%(upstream:remoteref) refs/heads/main refs/remotes/main [1ms]
2023-11-07 18:04:14.995 [info] > git status -z -uall [11ms]
2023-11-07 18:04:33.856 [info] > git config --get commit.template [6ms]
2023-11-07 18:04:33.856 [info] > git for-each-ref --format=%(refname)%00%(upstream:short)%00%(objectname)%00%(upstream:track)%00%(upstream:remotename)%00%(upstream:remoteref) refs/heads/main refs/remotes/main [1ms]
2023-11-07 18:04:33.873 [info] > git status -z -uall [11ms]
2023-11-07 18:04:38.910 [info] > git config --get commit.template [6ms]
2023-11-07 18:04:38.910 [info] > git for-each-ref --format=%(refname)%00%(upstream:short)%00%(objectname)%00%(upstream:track)%00%(upstream:remotename)%00%(upstream:remoteref) refs/heads/main refs/remotes/main [1ms]
2023-11-07 18:04:38.926 [info] > git status -z -uall [10ms]
2023-11-07 18:04:43.962 [info] > git config --get commit.template [6ms]
2023-11-07 18:04:43.962 [info] > git for-each-ref --format=%(refname)%00%(upstream:short)%00%(objectname)%00%(upstream:track)%00%(upstream:remotename)%00%(upstream:remoteref) refs/heads/main refs/remotes/main [1ms]
2023-11-07 18:04:43.977 [info] > git status -z -uall [10ms]
2023-11-07 18:04:50.138 [info] > git config --get commit.template [8ms]
2023-11-07 18:04:50.138 [info] > git for-each-ref --format=%(refname)%00%(upstream:short)%00%(objectname)%00%(upstream:track)%00%(upstream:remotename)%00%(upstream:remoteref) refs/heads/main refs/remotes/main [1ms]
2023-11-07 18:04:50.155 [info] > git status -z -uall [11ms]
2023-11-07 18:07:38.982 [info] > git config --get commit.template [6ms]
2023-11-07 18:07:38.982 [info] > git for-each-ref --format=%(refname)%00%(upstream:short)%00%(objectname)%00%(upstream:track)%00%(upstream:remotename)%00%(upstream:remoteref) refs/heads/main refs/remotes/main [1ms]
2023-11-07 18:07:38.997 [info] > git status -z -uall [10ms]
2023-11-07 18:07:49.134 [info] > git config --get commit.template [1ms]
2023-11-07 18:07:49.141 [info] > git for-each-ref --format=%(refname)%00%(upstream:short)%00%(objectname)%00%(upstream:track)%00%(upstream:remotename)%00%(upstream:remoteref) refs/heads/main refs/remotes/main [1ms]
2023-11-07 18:07:49.159 [info] > git status -z -uall [12ms]
2023-11-07 18:08:47.653 [info] > git config --get commit.template [1ms]
2023-11-07 18:08:47.660 [info] > git for-each-ref --format=%(refname)%00%(upstream:short)%00%(objectname)%00%(upstream:track)%00%(upstream:remotename)%00%(upstream:remoteref) refs/heads/main refs/remotes/main [1ms]
2023-11-07 18:08:47.676 [info] > git status -z -uall [10ms]
2023-11-07 18:09:25.646 [info] > git config --get commit.template [1ms]
2023-11-07 18:09:25.654 [info] > git for-each-ref --format=%(refname)%00%(upstream:short)%00%(objectname)%00%(upstream:track)%00%(upstream:remotename)%00%(upstream:remoteref) refs/heads/main refs/remotes/main [2ms]
2023-11-07 18:09:25.670 [info] > git status -z -uall [10ms]
2023-11-07 18:10:13.450 [info] > git config --get commit.template [8ms]
2023-11-07 18:10:13.451 [info] > git for-each-ref --format=%(refname)%00%(upstream:short)%00%(objectname)%00%(upstream:track)%00%(upstream:remotename)%00%(upstream:remoteref) refs/heads/main refs/remotes/main [2ms]
2023-11-07 18:10:13.470 [info] > git status -z -uall [13ms]
2023-11-07 18:10:44.864 [info] > git config --get commit.template [5ms]
2023-11-07 18:10:44.864 [info] > git for-each-ref --format=%(refname)%00%(upstream:short)%00%(objectname)%00%(upstream:track)%00%(upstream:remotename)%00%(upstream:remoteref) refs/heads/main refs/remotes/main [1ms]
2023-11-07 18:10:44.880 [info] > git status -z -uall [10ms]
2023-11-07 18:10:55.841 [info] > git config --get commit.template [5ms]
2023-11-07 18:10:55.842 [info] > git for-each-ref --format=%(refname)%00%(upstream:short)%00%(objectname)%00%(upstream:track)%00%(upstream:remotename)%00%(upstream:remoteref) refs/heads/main refs/remotes/main [1ms]
2023-11-07 18:10:55.857 [info] > git status -z -uall [11ms]
2023-11-07 18:11:12.160 [info] > git config --get commit.template [7ms]
2023-11-07 18:11:12.160 [info] > git for-each-ref --format=%(refname)%00%(upstream:short)%00%(objectname)%00%(upstream:track)%00%(upstream:remotename)%00%(upstream:remoteref) refs/heads/main refs/remotes/main [1ms]
2023-11-07 18:11:12.177 [info] > git status -z -uall [11ms]
2023-11-07 18:11:20.847 [info] > git config --get commit.template [6ms]
2023-11-07 18:11:20.847 [info] > git for-each-ref --format=%(refname)%00%(upstream:short)%00%(objectname)%00%(upstream:track)%00%(upstream:remotename)%00%(upstream:remoteref) refs/heads/main refs/remotes/main [1ms]
2023-11-07 18:11:20.862 [info] > git status -z -uall [10ms]
2023-11-07 18:11:27.388 [info] > git config --get commit.template [6ms]
2023-11-07 18:11:27.389 [info] > git for-each-ref --format=%(refname)%00%(upstream:short)%00%(objectname)%00%(upstream:track)%00%(upstream:remotename)%00%(upstream:remoteref) refs/heads/main refs/remotes/main [1ms]
2023-11-07 18:11:27.406 [info] > git status -z -uall [11ms]
2023-11-07 18:11:37.580 [info] > git config --get commit.template [7ms]
2023-11-07 18:11:37.580 [info] > git for-each-ref --format=%(refname)%00%(upstream:short)%00%(objectname)%00%(upstream:track)%00%(upstream:remotename)%00%(upstream:remoteref) refs/heads/main refs/remotes/main [1ms]
2023-11-07 18:11:37.596 [info] > git status -z -uall [11ms]
2023-11-07 18:11:42.626 [info] > git config --get commit.template [6ms]
2023-11-07 18:11:42.627 [info] > git for-each-ref --format=%(refname)%00%(upstream:short)%00%(objectname)%00%(upstream:track)%00%(upstream:remotename)%00%(upstream:remoteref) refs/heads/main refs/remotes/main [1ms]
2023-11-07 18:11:42.644 [info] > git status -z -uall [12ms]
2023-11-07 18:11:48.497 [info] > git config --get commit.template [1ms]
2023-11-07 18:11:48.506 [info] > git for-each-ref --format=%(refname)%00%(upstream:short)%00%(objectname)%00%(upstream:track)%00%(upstream:remotename)%00%(upstream:remoteref) refs/heads/main refs/remotes/main [1ms]
2023-11-07 18:11:48.522 [info] > git status -z -uall [10ms]
2023-11-07 18:11:53.553 [info] > git config --get commit.template [5ms]
2023-11-07 18:11:53.554 [info] > git for-each-ref --format=%(refname)%00%(upstream:short)%00%(objectname)%00%(upstream:track)%00%(upstream:remotename)%00%(upstream:remoteref) refs/heads/main refs/remotes/main [1ms]
2023-11-07 18:11:53.569 [info] > git status -z -uall [10ms]
2023-11-07 18:12:48.571 [info] > git config --get commit.template [9ms]
2023-11-07 18:12:48.571 [info] > git for-each-ref --format=%(refname)%00%(upstream:short)%00%(objectname)%00%(upstream:track)%00%(upstream:remotename)%00%(upstream:remoteref) refs/heads/main refs/remotes/main [1ms]
2023-11-07 18:12:48.589 [info] > git status -z -uall [12ms]
2023-11-07 18:12:54.493 [info] > git config --get commit.template [5ms]
2023-11-07 18:12:54.494 [info] > git for-each-ref --format=%(refname)%00%(upstream:short)%00%(objectname)%00%(upstream:track)%00%(upstream:remotename)%00%(upstream:remoteref) refs/heads/main refs/remotes/main [1ms]
2023-11-07 18:12:54.508 [info] > git status -z -uall [10ms]
2023-11-07 18:13:42.275 [info] > git config --get commit.template [7ms]
2023-11-07 18:13:42.276 [info] > git for-each-ref --format=%(refname)%00%(upstream:short)%00%(objectname)%00%(upstream:track)%00%(upstream:remotename)%00%(upstream:remoteref) refs/heads/main refs/remotes/main [2ms]
2023-11-07 18:13:42.294 [info] > git status -z -uall [11ms]
2023-11-07 18:14:11.751 [info] > git config --get commit.template [6ms]
2023-11-07 18:14:11.752 [info] > git for-each-ref --format=%(refname)%00%(upstream:short)%00%(objectname)%00%(upstream:track)%00%(upstream:remotename)%00%(upstream:remoteref) refs/heads/main refs/remotes/main [1ms]
2023-11-07 18:14:11.767 [info] > git status -z -uall [11ms]
2023-11-07 18:14:20.535 [info] > git config --get commit.template [1ms]
2023-11-07 18:14:20.541 [info] > git for-each-ref --format=%(refname)%00%(upstream:short)%00%(objectname)%00%(upstream:track)%00%(upstream:remotename)%00%(upstream:remoteref) refs/heads/main refs/remotes/main [1ms]
2023-11-07 18:14:20.558 [info] > git status -z -uall [11ms]
2023-11-07 18:14:28.874 [info] > git config --get commit.template [6ms]
2023-11-07 18:14:28.875 [info] > git for-each-ref --format=%(refname)%00%(upstream:short)%00%(objectname)%00%(upstream:track)%00%(upstream:remotename)%00%(upstream:remoteref) refs/heads/main refs/remotes/main [1ms]
2023-11-07 18:14:28.893 [info] > git status -z -uall [13ms]
2023-11-07 18:14:39.722 [info] > git config --get commit.template [7ms]
2023-11-07 18:14:39.722 [info] > git for-each-ref --format=%(refname)%00%(upstream:short)%00%(objectname)%00%(upstream:track)%00%(upstream:remotename)%00%(upstream:remoteref) refs/heads/main refs/remotes/main [1ms]
2023-11-07 18:14:39.738 [info] > git status -z -uall [10ms]
2023-11-07 18:14:44.769 [info] > git config --get commit.template [6ms]
2023-11-07 18:14:44.770 [info] > git for-each-ref --format=%(refname)%00%(upstream:short)%00%(objectname)%00%(upstream:track)%00%(upstream:remotename)%00%(upstream:remoteref) refs/heads/main refs/remotes/main [1ms]
2023-11-07 18:14:44.785 [info] > git status -z -uall [11ms]
2023-11-07 18:14:49.811 [info] > git config --get commit.template [5ms]
2023-11-07 18:14:49.811 [info] > git for-each-ref --format=%(refname)%00%(upstream:short)%00%(objectname)%00%(upstream:track)%00%(upstream:remotename)%00%(upstream:remoteref) refs/heads/main refs/remotes/main [1ms]
2023-11-07 18:14:49.826 [info] > git status -z -uall [10ms]
2023-11-07 18:14:54.850 [info] > git config --get commit.template [0ms]
2023-11-07 18:14:54.856 [info] > git for-each-ref --format=%(refname)%00%(upstream:short)%00%(objectname)%00%(upstream:track)%00%(upstream:remotename)%00%(upstream:remoteref) refs/heads/main refs/remotes/main [1ms]
2023-11-07 18:14:54.871 [info] > git status -z -uall [10ms]
2023-11-07 18:14:59.903 [info] > git config --get commit.template [6ms]
2023-11-07 18:14:59.903 [info] > git for-each-ref --format=%(refname)%00%(upstream:short)%00%(objectname)%00%(upstream:track)%00%(upstream:remotename)%00%(upstream:remoteref) refs/heads/main refs/remotes/main [1ms]
2023-11-07 18:14:59.918 [info] > git status -z -uall [10ms]
2023-11-07 18:15:04.954 [info] > git config --get commit.template [8ms]
2023-11-07 18:15:04.955 [info] > git for-each-ref --format=%(refname)%00%(upstream:short)%00%(objectname)%00%(upstream:track)%00%(upstream:remotename)%00%(upstream:remoteref) refs/heads/main refs/remotes/main [2ms]
2023-11-07 18:15:04.970 [info] > git status -z -uall [10ms]
2023-11-07 18:15:10.003 [info] > git config --get commit.template [6ms]
2023-11-07 18:15:10.003 [info] > git for-each-ref --format=%(refname)%00%(upstream:short)%00%(objectname)%00%(upstream:track)%00%(upstream:remotename)%00%(upstream:remoteref) refs/heads/main refs/remotes/main [1ms]
2023-11-07 18:15:10.018 [info] > git status -z -uall [10ms]
2023-11-07 18:15:37.832 [info] > git config --get commit.template [6ms]
2023-11-07 18:15:37.833 [info] > git for-each-ref --format=%(refname)%00%(upstream:short)%00%(objectname)%00%(upstream:track)%00%(upstream:remotename)%00%(upstream:remoteref) refs/heads/main refs/remotes/main [1ms]
2023-11-07 18:15:37.848 [info] > git status -z -uall [10ms]
2023-11-07 18:15:52.862 [info] > git config --get commit.template [6ms]
2023-11-07 18:15:52.863 [info] > git for-each-ref --format=%(refname)%00%(upstream:short)%00%(objectname)%00%(upstream:track)%00%(upstream:remotename)%00%(upstream:remoteref) refs/heads/main refs/remotes/main [1ms]
2023-11-07 18:15:52.880 [info] > git status -z -uall [11ms]
2023-11-07 18:16:03.888 [info] > git config --get commit.template [5ms]
2023-11-07 18:16:03.889 [info] > git for-each-ref --format=%(refname)%00%(upstream:short)%00%(objectname)%00%(upstream:track)%00%(upstream:remotename)%00%(upstream:remoteref) refs/heads/main refs/remotes/main [1ms]
2023-11-07 18:16:03.904 [info] > git status -z -uall [10ms]
2023-11-07 18:17:47.633 [info] > git for-each-ref --format=%(refname)%00%(upstream:short)%00%(objectname)%00%(upstream:track)%00%(upstream:remotename)%00%(upstream:remoteref) refs/heads/main refs/remotes/main [1ms]
2023-11-07 18:17:47.633 [info] > git config --get commit.template [7ms]
2023-11-07 18:17:47.649 [info] > git status -z -uall [10ms]
2023-11-07 18:17:52.682 [info] > git config --get commit.template [7ms]
2023-11-07 18:17:52.682 [info] > git for-each-ref --format=%(refname)%00%(upstream:short)%00%(objectname)%00%(upstream:track)%00%(upstream:remotename)%00%(upstream:remoteref) refs/heads/main refs/remotes/main [0ms]
2023-11-07 18:17:52.698 [info] > git status -z -uall [11ms]
2023-11-07 18:18:44.665 [info] > git config --get commit.template [7ms]
2023-11-07 18:18:44.665 [info] > git for-each-ref --format=%(refname)%00%(upstream:short)%00%(objectname)%00%(upstream:track)%00%(upstream:remotename)%00%(upstream:remoteref) refs/heads/main refs/remotes/main [1ms]
2023-11-07 18:18:44.682 [info] > git status -z -uall [11ms]
2023-11-07 18:18:49.711 [info] > git config --get commit.template [5ms]
2023-11-07 18:18:49.711 [info] > git for-each-ref --format=%(refname)%00%(upstream:short)%00%(objectname)%00%(upstream:track)%00%(upstream:remotename)%00%(upstream:remoteref) refs/heads/main refs/remotes/main [1ms]
2023-11-07 18:18:49.727 [info] > git status -z -uall [10ms]
2023-11-07 18:18:59.053 [info] > git config --get commit.template [7ms]
2023-11-07 18:18:59.053 [info] > git for-each-ref --format=%(refname)%00%(upstream:short)%00%(objectname)%00%(upstream:track)%00%(upstream:remotename)%00%(upstream:remoteref) refs/heads/main refs/remotes/main [1ms]
2023-11-07 18:18:59.069 [info] > git status -z -uall [10ms]
2023-11-07 18:19:04.098 [info] > git config --get commit.template [6ms]
2023-11-07 18:19:04.098 [info] > git for-each-ref --format=%(refname)%00%(upstream:short)%00%(objectname)%00%(upstream:track)%00%(upstream:remotename)%00%(upstream:remoteref) refs/heads/main refs/remotes/main [0ms]
2023-11-07 18:19:04.114 [info] > git status -z -uall [11ms]
2023-11-07 18:19:09.150 [info] > git config --get commit.template [6ms]
2023-11-07 18:19:09.150 [info] > git for-each-ref --format=%(refname)%00%(upstream:short)%00%(objectname)%00%(upstream:track)%00%(upstream:remotename)%00%(upstream:remoteref) refs/heads/main refs/remotes/main [1ms]
2023-11-07 18:19:09.166 [info] > git status -z -uall [10ms]
2023-11-07 18:19:14.195 [info] > git config --get commit.template [5ms]
2023-11-07 18:19:14.196 [info] > git for-each-ref --format=%(refname)%00%(upstream:short)%00%(objectname)%00%(upstream:track)%00%(upstream:remotename)%00%(upstream:remoteref) refs/heads/main refs/remotes/main [1ms]
2023-11-07 18:19:14.211 [info] > git status -z -uall [10ms]
2023-11-07 18:19:23.006 [info] > git config --get commit.template [6ms]
2023-11-07 18:19:23.006 [info] > git for-each-ref --format=%(refname)%00%(upstream:short)%00%(objectname)%00%(upstream:track)%00%(upstream:remotename)%00%(upstream:remoteref) refs/heads/main refs/remotes/main [0ms]
2023-11-07 18:19:23.022 [info] > git status -z -uall [10ms]
2023-11-07 18:19:28.054 [info] > git config --get commit.template [6ms]
2023-11-07 18:19:28.054 [info] > git for-each-ref --format=%(refname)%00%(upstream:short)%00%(objectname)%00%(upstream:track)%00%(upstream:remotename)%00%(upstream:remoteref) refs/heads/main refs/remotes/main [0ms]
2023-11-07 18:19:28.070 [info] > git status -z -uall [11ms]
2023-11-07 18:19:33.100 [info] > git config --get commit.template [5ms]
2023-11-07 18:19:33.101 [info] > git for-each-ref --format=%(refname)%00%(upstream:short)%00%(objectname)%00%(upstream:track)%00%(upstream:remotename)%00%(upstream:remoteref) refs/heads/main refs/remotes/main [1ms]
2023-11-07 18:19:33.116 [info] > git status -z -uall [10ms]
2023-11-07 18:19:38.144 [info] > git config --get commit.template [6ms]
2023-11-07 18:19:38.144 [info] > git for-each-ref --format=%(refname)%00%(upstream:short)%00%(objectname)%00%(upstream:track)%00%(upstream:remotename)%00%(upstream:remoteref) refs/heads/main refs/remotes/main [1ms]
2023-11-07 18:19:38.160 [info] > git status -z -uall [11ms]
2023-11-07 18:19:43.195 [info] > git config --get commit.template [7ms]
2023-11-07 18:19:43.195 [info] > git for-each-ref --format=%(refname)%00%(upstream:short)%00%(objectname)%00%(upstream:track)%00%(upstream:remotename)%00%(upstream:remoteref) refs/heads/main refs/remotes/main [0ms]
2023-11-07 18:19:43.212 [info] > git status -z -uall [10ms]
2023-11-07 18:19:49.158 [info] > git config --get commit.template [7ms]
2023-11-07 18:19:49.158 [info] > git for-each-ref --format=%(refname)%00%(upstream:short)%00%(objectname)%00%(upstream:track)%00%(upstream:remotename)%00%(upstream:remoteref) refs/heads/main refs/remotes/main [1ms]
2023-11-07 18:19:49.174 [info] > git status -z -uall [10ms]
2023-11-07 18:19:54.215 [info] > git config --get commit.template [6ms]
2023-11-07 18:19:54.215 [info] > git for-each-ref --format=%(refname)%00%(upstream:short)%00%(objectname)%00%(upstream:track)%00%(upstream:remotename)%00%(upstream:remoteref) refs/heads/main refs/remotes/main [1ms]
2023-11-07 18:19:54.232 [info] > git status -z -uall [11ms]
2023-11-07 18:19:59.266 [info] > git config --get commit.template [6ms]
2023-11-07 18:19:59.267 [info] > git for-each-ref --format=%(refname)%00%(upstream:short)%00%(objectname)%00%(upstream:track)%00%(upstream:remotename)%00%(upstream:remoteref) refs/heads/main refs/remotes/main [1ms]
2023-11-07 18:19:59.283 [info] > git status -z -uall [11ms]
2023-11-07 18:20:04.322 [info] > git config --get commit.template [7ms]
2023-11-07 18:20:04.323 [info] > git for-each-ref --format=%(refname)%00%(upstream:short)%00%(objectname)%00%(upstream:track)%00%(upstream:remotename)%00%(upstream:remoteref) refs/heads/main refs/remotes/main [1ms]
2023-11-07 18:20:04.338 [info] > git status -z -uall [10ms]
2023-11-07 18:21:48.058 [info] > git config --get commit.template [6ms]
2023-11-07 18:21:48.058 [info] > git for-each-ref --format=%(refname)%00%(upstream:short)%00%(objectname)%00%(upstream:track)%00%(upstream:remotename)%00%(upstream:remoteref) refs/heads/main refs/remotes/main [1ms]
2023-11-07 18:21:48.074 [info] > git status -z -uall [11ms]
2023-11-07 18:22:30.975 [info] > git config --get commit.template [2ms]
2023-11-07 18:22:30.982 [info] > git for-each-ref --format=%(refname)%00%(upstream:short)%00%(objectname)%00%(upstream:track)%00%(upstream:remotename)%00%(upstream:remoteref) refs/heads/main refs/remotes/main [2ms]
2023-11-07 18:22:30.998 [info] > git status -z -uall [10ms]
2023-11-07 18:22:57.622 [info] > git config --get commit.template [6ms]
2023-11-07 18:22:57.623 [info] > git for-each-ref --format=%(refname)%00%(upstream:short)%00%(objectname)%00%(upstream:track)%00%(upstream:remotename)%00%(upstream:remoteref) refs/heads/main refs/remotes/main [1ms]
2023-11-07 18:22:57.640 [info] > git status -z -uall [12ms]
2023-11-07 18:23:12.859 [info] > git config --get commit.template [2ms]
2023-11-07 18:23:12.866 [info] > git for-each-ref --format=%(refname)%00%(upstream:short)%00%(objectname)%00%(upstream:track)%00%(upstream:remotename)%00%(upstream:remoteref) refs/heads/main refs/remotes/main [1ms]
2023-11-07 18:23:12.884 [info] > git status -z -uall [11ms]
2023-11-07 18:23:39.818 [info] > git config --get commit.template [7ms]
2023-11-07 18:23:39.819 [info] > git for-each-ref --format=%(refname)%00%(upstream:short)%00%(objectname)%00%(upstream:track)%00%(upstream:remotename)%00%(upstream:remoteref) refs/heads/main refs/remotes/main [1ms]
2023-11-07 18:23:39.834 [info] > git status -z -uall [10ms]
2023-11-07 18:23:50.181 [info] > git config --get commit.template [5ms]
2023-11-07 18:23:50.181 [info] > git for-each-ref --format=%(refname)%00%(upstream:short)%00%(objectname)%00%(upstream:track)%00%(upstream:remotename)%00%(upstream:remoteref) refs/heads/main refs/remotes/main [1ms]
2023-11-07 18:23:50.196 [info] > git status -z -uall [10ms]
2023-11-07 18:23:55.225 [info] > git config --get commit.template [5ms]
2023-11-07 18:23:55.226 [info] > git for-each-ref --format=%(refname)%00%(upstream:short)%00%(objectname)%00%(upstream:track)%00%(upstream:remotename)%00%(upstream:remoteref) refs/heads/main refs/remotes/main [1ms]
2023-11-07 18:23:55.243 [info] > git status -z -uall [12ms]
2023-11-07 18:24:02.319 [info] > git config --get commit.template [6ms]
2023-11-07 18:24:02.319 [info] > git for-each-ref --format=%(refname)%00%(upstream:short)%00%(objectname)%00%(upstream:track)%00%(upstream:remotename)%00%(upstream:remoteref) refs/heads/main refs/remotes/main [1ms]
2023-11-07 18:24:02.335 [info] > git status -z -uall [11ms]
